#
# There is insufficient memory for the Java Runtime Environment to continue.
# Native memory allocation (mmap) failed to map 22020096 bytes for G1 virtual space
# Possible reasons:
#   The system is out of physical RAM or swap space
#   The process is running with CompressedOops enabled, and the Java Heap may be blocking the growth of the native heap
# Possible solutions:
#   Reduce memory load on the system
#   Increase physical memory or swap space
#   Check if swap backing store is full
#   Decrease Java heap size (-Xmx/-Xms)
#   Decrease number of Java threads
#   Decrease Java thread stack sizes (-Xss)
#   Set larger code cache with -XX:ReservedCodeCacheSize=
#   JVM is running with Unscaled Compressed Oops mode in which the Java heap is
#     placed in the first 4GB address space. The Java Heap base address is the
#     maximum limit for the native heap growth. Please use -XX:HeapBaseMinAddress
#     to set the Java Heap base and to place the Java Heap above 4GB virtual address.
# This output file may be truncated or incomplete.
#
#  Out of Memory Error (os_windows.cpp:3769), pid=8924, tid=8400
#
# JRE version: OpenJDK Runtime Environment (17.0.6) (build 17.0.6+0-b2043.56-10027231)
# Java VM: OpenJDK 64-Bit Server VM (17.0.6+0-b2043.56-10027231, mixed mode, tiered, compressed oops, compressed class ptrs, g1 gc, windows-amd64)
# No core dump will be written. Minidumps are not enabled by default on client versions of Windows
#

---------------  S U M M A R Y ------------

Command Line: --add-opens=java.base/java.util=ALL-UNNAMED --add-opens=java.base/java.lang=ALL-UNNAMED --add-opens=java.base/java.lang.invoke=ALL-UNNAMED --add-opens=java.prefs/java.util.prefs=ALL-UNNAMED --add-opens=java.base/java.nio.charset=ALL-UNNAMED --add-opens=java.base/java.net=ALL-UNNAMED --add-opens=java.base/java.util.concurrent.atomic=ALL-UNNAMED -Xmx2048m -Dfile.encoding=UTF-8 -Duser.country=US -Duser.language=en -Duser.variant org.gradle.launcher.daemon.bootstrap.GradleDaemon 8.0

Host: 11th Gen Intel(R) Core(TM) i3-1115G4 @ 3.00GHz, 4 cores, 3G,  Windows 11 , 64 bit Build 22621 (10.0.22621.2428)
Time: Mon Oct 16 21:32:31 2023 SE Asia Standard Time elapsed time: 93.283128 seconds (0d 0h 1m 33s)

---------------  T H R E A D  ---------------

Current thread (0x000001871519bd40):  VMThread "VM Thread" [stack: 0x00000021a7400000,0x00000021a7500000] [id=8400]

Stack: [0x00000021a7400000,0x00000021a7500000]
Native frames: (J=compiled Java code, j=interpreted, Vv=VM code, C=native code)
V  [jvm.dll+0x683c9a]
V  [jvm.dll+0x8427a4]
V  [jvm.dll+0x843f9e]
V  [jvm.dll+0x844603]
V  [jvm.dll+0x249b75]
V  [jvm.dll+0x680b69]
V  [jvm.dll+0x67505a]
V  [jvm.dll+0x309acb]
V  [jvm.dll+0x310f86]
V  [jvm.dll+0x3608ee]
V  [jvm.dll+0x360b1f]
V  [jvm.dll+0x2dfbf8]
V  [jvm.dll+0x2e2ce6]
V  [jvm.dll+0x2ed478]
V  [jvm.dll+0x322150]
V  [jvm.dll+0x848ccb]
V  [jvm.dll+0x849a04]
V  [jvm.dll+0x849f1d]
V  [jvm.dll+0x84a2f4]
V  [jvm.dll+0x84a3c0]
V  [jvm.dll+0x7f274a]
V  [jvm.dll+0x682ad5]
C  [ucrtbase.dll+0x29363]
C  [KERNEL32.DLL+0x1257d]
C  [ntdll.dll+0x5aa78]

VM_Operation (0x00000021a70ff5d0): G1Concurrent, mode: safepoint, requested by thread 0x0000018779cb31c0


---------------  P R O C E S S  ---------------

Threads class SMR info:
_java_thread_list=0x000001871d6b02c0, length=82, elements={
0x0000018779c47c40, 0x00000187151c1670, 0x00000187151c2220, 0x00000187151ac3b0,
0x00000187151e8600, 0x0000018715c041a0, 0x0000018715c04b50, 0x0000018715c0ac60,
0x0000018715c0b700, 0x0000018715c0d070, 0x0000018715d69f40, 0x0000018715d6a410,
0x0000018716cbc060, 0x0000018718635010, 0x00000187171f4010, 0x0000018715d25a20,
0x00000187173dcc40, 0x00000187174701c0, 0x0000018717471500, 0x00000187174719d0,
0x000001871746fcf0, 0x0000018717471ea0, 0x0000018717472370, 0x000001871746f350,
0x000001871746f820, 0x0000018717471030, 0x0000018717470690, 0x0000018718592890,
0x00000187185988d0, 0x0000018718597590, 0x0000018718598da0, 0x0000018718597a60,
0x0000018718594570, 0x00000187185953e0, 0x0000018718599c10, 0x000001871859a0e0,
0x0000018718598400, 0x0000018718594f10, 0x0000018718592d60, 0x0000018718594a40,
0x0000018718596720, 0x00000187185958b0, 0x0000018718596250, 0x0000018718599740,
0x000001871a8304a0, 0x000001871a8364e0, 0x000001871a8317e0, 0x000001871a82ffd0,
0x000001871a835670, 0x000001871a831cb0, 0x000001871a832650, 0x000001871a82f160,
0x000001871a832b20, 0x000001871a832180, 0x000001871a82f630, 0x000001871a835b40,
0x000001871a832ff0, 0x000001871a8334c0, 0x000001871a833990, 0x000001871a830970,
0x000001871a834330, 0x000001871a833e60, 0x000001871a834800, 0x000001871a834cd0,
0x000001871a8351a0, 0x000001871a836010, 0x000001871a8369b0, 0x000001871a830e40,
0x000001871a831310, 0x000001871a82fb00, 0x0000018718b30d80, 0x0000018718b31250,
0x0000018718b2c080, 0x0000018718b320c0, 0x0000018718b2ebd0, 0x0000018718b33400,
0x0000018718b2d3c0, 0x0000018718b32590, 0x0000018718b2fa40, 0x0000018718b2c550,
0x0000018718b2cef0, 0x0000018718b2f570
}

Java Threads: ( => current thread )
  0x0000018779c47c40 JavaThread "main" [_thread_blocked, id=2512, stack(0x00000021a6e00000,0x00000021a6f00000)]
  0x00000187151c1670 JavaThread "Reference Handler" daemon [_thread_blocked, id=5460, stack(0x00000021a7500000,0x00000021a7600000)]
  0x00000187151c2220 JavaThread "Finalizer" daemon [_thread_blocked, id=4332, stack(0x00000021a7600000,0x00000021a7700000)]
  0x00000187151ac3b0 JavaThread "Signal Dispatcher" daemon [_thread_blocked, id=4456, stack(0x00000021a7700000,0x00000021a7800000)]
  0x00000187151e8600 JavaThread "Attach Listener" daemon [_thread_blocked, id=10280, stack(0x00000021a7800000,0x00000021a7900000)]
  0x0000018715c041a0 JavaThread "Service Thread" daemon [_thread_blocked, id=12068, stack(0x00000021a7900000,0x00000021a7a00000)]
  0x0000018715c04b50 JavaThread "Monitor Deflation Thread" daemon [_thread_blocked, id=1220, stack(0x00000021a7a00000,0x00000021a7b00000)]
  0x0000018715c0ac60 JavaThread "C2 CompilerThread0" daemon [_thread_blocked, id=2012, stack(0x00000021a7b00000,0x00000021a7c00000)]
  0x0000018715c0b700 JavaThread "C1 CompilerThread0" daemon [_thread_blocked, id=11152, stack(0x00000021a7c00000,0x00000021a7d00000)]
  0x0000018715c0d070 JavaThread "Sweeper thread" daemon [_thread_blocked, id=6980, stack(0x00000021a7d00000,0x00000021a7e00000)]
  0x0000018715d69f40 JavaThread "Common-Cleaner" daemon [_thread_blocked, id=12092, stack(0x00000021a7e00000,0x00000021a7f00000)]
  0x0000018715d6a410 JavaThread "Notification Thread" daemon [_thread_blocked, id=3224, stack(0x00000021a7f00000,0x00000021a8000000)]
  0x0000018716cbc060 JavaThread "Daemon health stats" [_thread_blocked, id=2588, stack(0x00000021a8400000,0x00000021a8500000)]
  0x0000018718635010 JavaThread "Incoming local TCP Connector on port 52405" [_thread_in_native, id=2516, stack(0x00000021a8500000,0x00000021a8600000)]
  0x00000187171f4010 JavaThread "Daemon periodic checks" [_thread_blocked, id=10912, stack(0x00000021a8600000,0x00000021a8700000)]
  0x0000018715d25a20 JavaThread "Daemon" [_thread_blocked, id=1820, stack(0x00000021a8700000,0x00000021a8800000)]
  0x00000187173dcc40 JavaThread "Handler for socket connection from /127.0.0.1:52405 to /127.0.0.1:52412" [_thread_in_native, id=8080, stack(0x00000021a8800000,0x00000021a8900000)]
  0x00000187174701c0 JavaThread "Cancel handler" [_thread_blocked, id=7928, stack(0x00000021a6b00000,0x00000021a6c00000)]
  0x0000018717471500 JavaThread "Daemon worker" [_thread_blocked, id=9536, stack(0x00000021a6c00000,0x00000021a6d00000)]
  0x00000187174719d0 JavaThread "Asynchronous log dispatcher for DefaultDaemonConnection: socket connection from /127.0.0.1:52405 to /127.0.0.1:52412" [_thread_blocked, id=3132, stack(0x00000021a6d00000,0x00000021a6e00000)]
  0x000001871746fcf0 JavaThread "Stdin handler" [_thread_blocked, id=12916, stack(0x00000021a8b00000,0x00000021a8c00000)]
  0x0000018717471ea0 JavaThread "Daemon client event forwarder" [_thread_blocked, id=10788, stack(0x00000021a8c00000,0x00000021a8d00000)]
  0x0000018717472370 JavaThread "Cache worker for journal cache (C:\Users\asus4\.gradle\caches\journal-1)" [_thread_blocked, id=5956, stack(0x00000021a8e00000,0x00000021a8f00000)]
  0x000001871746f350 JavaThread "File lock request listener" [_thread_in_native, id=7996, stack(0x00000021a8f00000,0x00000021a9000000)]
  0x000001871746f820 JavaThread "Cache worker for file hash cache (C:\Users\asus4\.gradle\caches\8.0\fileHashes)" [_thread_blocked, id=7560, stack(0x00000021a9000000,0x00000021a9100000)]
  0x0000018717471030 JavaThread "File watcher server" daemon [_thread_in_native, id=3080, stack(0x00000021a9100000,0x00000021a9200000)]
  0x0000018717470690 JavaThread "File watcher consumer" daemon [_thread_blocked, id=5680, stack(0x00000021a9200000,0x00000021a9300000)]
  0x0000018718592890 JavaThread "Cache worker for checksums cache (C:\Users\asus4\Go_Paper\.gradle\8.0\checksums)" [_thread_blocked, id=3604, stack(0x00000021a9300000,0x00000021a9400000)]
  0x00000187185988d0 JavaThread "Cache worker for cache directory md-rule (C:\Users\asus4\.gradle\caches\8.0\md-rule)" [_thread_blocked, id=3484, stack(0x00000021a9400000,0x00000021a9500000)]
  0x0000018718597590 JavaThread "Cache worker for file content cache (C:\Users\asus4\.gradle\caches\8.0\fileContent)" [_thread_blocked, id=12072, stack(0x00000021a9500000,0x00000021a9600000)]
  0x0000018718598da0 JavaThread "Cache worker for file hash cache (C:\Users\asus4\Go_Paper\.gradle\8.0\fileHashes)" [_thread_blocked, id=2240, stack(0x00000021a9600000,0x00000021a9700000)]
  0x0000018718597a60 JavaThread "Cache worker for cache directory md-supplier (C:\Users\asus4\.gradle\caches\8.0\md-supplier)" [_thread_blocked, id=9392, stack(0x00000021a9700000,0x00000021a9800000)]
  0x0000018718594570 JavaThread "Cache worker for execution history cache (C:\Users\asus4\.gradle\caches\8.0\executionHistory)" [_thread_blocked, id=6956, stack(0x00000021a9800000,0x00000021a9900000)]
  0x00000187185953e0 JavaThread "jar transforms" [_thread_blocked, id=3584, stack(0x00000021a9900000,0x00000021a9a00000)]
  0x0000018718599c10 JavaThread "jar transforms Thread 2" [_thread_blocked, id=12440, stack(0x00000021a9a00000,0x00000021a9b00000)]
  0x000001871859a0e0 JavaThread "Cache worker for kotlin-dsl (C:\Users\asus4\.gradle\caches\8.0\kotlin-dsl)" [_thread_blocked, id=3940, stack(0x00000021a9b00000,0x00000021a9c00000)]
  0x0000018718598400 JavaThread "jar transforms Thread 3" [_thread_blocked, id=5848, stack(0x00000021a9c00000,0x00000021a9d00000)]
  0x0000018718594f10 JavaThread "jar transforms Thread 4" [_thread_blocked, id=11268, stack(0x00000021a9d00000,0x00000021a9e00000)]
  0x0000018718592d60 JavaThread "Cache worker for dependencies-accessors (C:\Users\asus4\Go_Paper\.gradle\8.0\dependencies-accessors)" [_thread_blocked, id=12444, stack(0x00000021a9e00000,0x00000021a9f00000)]
  0x0000018718594a40 JavaThread "Cache worker for Build Output Cleanup Cache (C:\Users\asus4\Go_Paper\.gradle\buildOutputCleanup)" [_thread_blocked, id=7388, stack(0x00000021a9f00000,0x00000021aa000000)]
  0x0000018718596720 JavaThread "Unconstrained build operations" [_thread_blocked, id=10208, stack(0x00000021aa000000,0x00000021aa100000)]
  0x00000187185958b0 JavaThread "Unconstrained build operations Thread 2" [_thread_blocked, id=12472, stack(0x00000021aa100000,0x00000021aa200000)]
  0x0000018718596250 JavaThread "Unconstrained build operations Thread 3" [_thread_blocked, id=1284, stack(0x00000021aa200000,0x00000021aa300000)]
  0x0000018718599740 JavaThread "Unconstrained build operations Thread 4" [_thread_blocked, id=6416, stack(0x00000021aa300000,0x00000021aa400000)]
  0x000001871a8304a0 JavaThread "Unconstrained build operations Thread 5" [_thread_blocked, id=2980, stack(0x00000021aa400000,0x00000021aa500000)]
  0x000001871a8364e0 JavaThread "Unconstrained build operations Thread 6" [_thread_blocked, id=10960, stack(0x00000021aa500000,0x00000021aa600000)]
  0x000001871a8317e0 JavaThread "Unconstrained build operations Thread 7" [_thread_blocked, id=11880, stack(0x00000021aa600000,0x00000021aa700000)]
  0x000001871a82ffd0 JavaThread "Unconstrained build operations Thread 8" [_thread_blocked, id=4536, stack(0x00000021aa700000,0x00000021aa800000)]
  0x000001871a835670 JavaThread "Unconstrained build operations Thread 9" [_thread_blocked, id=1932, stack(0x00000021aa800000,0x00000021aa900000)]
  0x000001871a831cb0 JavaThread "Unconstrained build operations Thread 10" [_thread_blocked, id=13020, stack(0x00000021aa900000,0x00000021aaa00000)]
  0x000001871a832650 JavaThread "Unconstrained build operations Thread 11" [_thread_blocked, id=10636, stack(0x00000021aaa00000,0x00000021aab00000)]
  0x000001871a82f160 JavaThread "Unconstrained build operations Thread 12" [_thread_blocked, id=12172, stack(0x00000021aab00000,0x00000021aac00000)]
  0x000001871a832b20 JavaThread "Unconstrained build operations Thread 13" [_thread_blocked, id=12376, stack(0x00000021aac00000,0x00000021aad00000)]
  0x000001871a832180 JavaThread "Unconstrained build operations Thread 14" [_thread_blocked, id=12284, stack(0x00000021aad00000,0x00000021aae00000)]
  0x000001871a82f630 JavaThread "Unconstrained build operations Thread 15" [_thread_blocked, id=9632, stack(0x00000021aae00000,0x00000021aaf00000)]
  0x000001871a835b40 JavaThread "Unconstrained build operations Thread 16" [_thread_blocked, id=4664, stack(0x00000021aaf00000,0x00000021ab000000)]
  0x000001871a832ff0 JavaThread "Unconstrained build operations Thread 17" [_thread_blocked, id=452, stack(0x00000021ab000000,0x00000021ab100000)]
  0x000001871a8334c0 JavaThread "Unconstrained build operations Thread 18" [_thread_blocked, id=2152, stack(0x00000021ab100000,0x00000021ab200000)]
  0x000001871a833990 JavaThread "Unconstrained build operations Thread 19" [_thread_blocked, id=3408, stack(0x00000021ab200000,0x00000021ab300000)]
  0x000001871a830970 JavaThread "Unconstrained build operations Thread 20" [_thread_blocked, id=4204, stack(0x00000021ab300000,0x00000021ab400000)]
  0x000001871a834330 JavaThread "Unconstrained build operations Thread 21" [_thread_blocked, id=13000, stack(0x00000021ab400000,0x00000021ab500000)]
  0x000001871a833e60 JavaThread "Unconstrained build operations Thread 22" [_thread_blocked, id=11448, stack(0x00000021ab500000,0x00000021ab600000)]
  0x000001871a834800 JavaThread "Unconstrained build operations Thread 23" [_thread_blocked, id=12792, stack(0x00000021ab600000,0x00000021ab700000)]
  0x000001871a834cd0 JavaThread "Unconstrained build operations Thread 24" [_thread_blocked, id=7596, stack(0x00000021ab700000,0x00000021ab800000)]
  0x000001871a8351a0 JavaThread "Unconstrained build operations Thread 25" [_thread_blocked, id=7132, stack(0x00000021ab800000,0x00000021ab900000)]
  0x000001871a836010 JavaThread "Unconstrained build operations Thread 26" [_thread_blocked, id=7616, stack(0x00000021ab900000,0x00000021aba00000)]
  0x000001871a8369b0 JavaThread "Unconstrained build operations Thread 27" [_thread_blocked, id=10844, stack(0x00000021aba00000,0x00000021abb00000)]
  0x000001871a830e40 JavaThread "Unconstrained build operations Thread 28" [_thread_blocked, id=12676, stack(0x00000021abb00000,0x00000021abc00000)]
  0x000001871a831310 JavaThread "Unconstrained build operations Thread 29" [_thread_blocked, id=8456, stack(0x00000021abc00000,0x00000021abd00000)]
  0x000001871a82fb00 JavaThread "Unconstrained build operations Thread 30" [_thread_blocked, id=8072, stack(0x00000021abd00000,0x00000021abe00000)]
  0x0000018718b30d80 JavaThread "Unconstrained build operations Thread 31" [_thread_blocked, id=4892, stack(0x00000021abe00000,0x00000021abf00000)]
  0x0000018718b31250 JavaThread "Unconstrained build operations Thread 32" [_thread_blocked, id=2532, stack(0x00000021abf00000,0x00000021ac000000)]
  0x0000018718b2c080 JavaThread "Unconstrained build operations Thread 33" [_thread_blocked, id=1684, stack(0x00000021ac000000,0x00000021ac100000)]
  0x0000018718b320c0 JavaThread "Unconstrained build operations Thread 34" [_thread_blocked, id=7836, stack(0x00000021ac100000,0x00000021ac200000)]
  0x0000018718b2ebd0 JavaThread "Unconstrained build operations Thread 35" [_thread_blocked, id=3036, stack(0x00000021ac200000,0x00000021ac300000)]
  0x0000018718b33400 JavaThread "Unconstrained build operations Thread 36" [_thread_blocked, id=10728, stack(0x00000021ac300000,0x00000021ac400000)]
  0x0000018718b2d3c0 JavaThread "Unconstrained build operations Thread 37" [_thread_blocked, id=7532, stack(0x00000021ac400000,0x00000021ac500000)]
  0x0000018718b32590 JavaThread "Unconstrained build operations Thread 38" [_thread_blocked, id=8340, stack(0x00000021ac500000,0x00000021ac600000)]
  0x0000018718b2fa40 JavaThread "Unconstrained build operations Thread 39" [_thread_blocked, id=12656, stack(0x00000021ac600000,0x00000021ac700000)]
  0x0000018718b2c550 JavaThread "Unconstrained build operations Thread 40" [_thread_blocked, id=11712, stack(0x00000021ac700000,0x00000021ac800000)]
  0x0000018718b2cef0 JavaThread "build event listener" [_thread_blocked, id=10924, stack(0x00000021ac800000,0x00000021ac900000)]
  0x0000018718b2f570 JavaThread "Memory manager" [_thread_blocked, id=9760, stack(0x00000021ac900000,0x00000021aca00000)]

Other Threads:
=>0x000001871519bd40 VMThread "VM Thread" [stack: 0x00000021a7400000,0x00000021a7500000] [id=8400]
  0x0000018715d8cf20 WatcherThread [stack: 0x00000021a8000000,0x00000021a8100000] [id=7832]
  0x0000018779ca2280 GCTaskThread "GC Thread#0" [stack: 0x00000021a6f00000,0x00000021a7000000] [id=12296]
  0x0000018715f452f0 GCTaskThread "GC Thread#1" [stack: 0x00000021a8100000,0x00000021a8200000] [id=5364]
  0x000001871679d830 GCTaskThread "GC Thread#2" [stack: 0x00000021a8200000,0x00000021a8300000] [id=8944]
  0x0000018715f97680 GCTaskThread "GC Thread#3" [stack: 0x00000021a8300000,0x00000021a8400000] [id=2084]
  0x0000018779cb31c0 ConcurrentGCThread "G1 Main Marker" [stack: 0x00000021a7000000,0x00000021a7100000] [id=10184]
  0x0000018779cb3bd0 ConcurrentGCThread "G1 Conc#0" [stack: 0x00000021a7100000,0x00000021a7200000] [id=2632]
  0x0000018779ceee80 ConcurrentGCThread "G1 Refine#0" [stack: 0x00000021a7200000,0x00000021a7300000] [id=12852]
  0x0000018717004880 ConcurrentGCThread "G1 Refine#1" [stack: 0x00000021a8d00000,0x00000021a8e00000] [id=4612]
  0x0000018779cf0040 ConcurrentGCThread "G1 Service" [stack: 0x00000021a7300000,0x00000021a7400000] [id=12188]

Threads with active compile tasks:
C2 CompilerThread0    93369 6679   !   4       java.util.jar.Attributes::read (494 bytes)

VM state: at safepoint (normal execution)

VM Mutex/Monitor currently owned by a thread:  ([mutex/lock_event])
[0x0000018779c42a80] Threads_lock - owner thread: 0x000001871519bd40
[0x0000018779c44340] Heap_lock - owner thread: 0x0000018779cb31c0

Heap address: 0x0000000080000000, size: 2048 MB, Compressed Oops mode: 32-bit

CDS archive(s) not mapped
Compressed class space mapped at: 0x0000000100000000-0x0000000140000000, reserved size: 1073741824
Narrow klass base: 0x0000000000000000, Narrow klass shift: 3, Narrow klass range: 0x140000000

GC Precious Log:
 CPUs: 4 total, 4 available
 Memory: 3790M
 Large Page Support: Disabled
 NUMA Support: Disabled
 Compressed Oops: Enabled (32-bit)
 Heap Region Size: 1M
 Heap Min Capacity: 8M
 Heap Initial Capacity: 60M
 Heap Max Capacity: 2G
 Pre-touch: Disabled
 Parallel Workers: 4
 Concurrent Workers: 1
 Concurrent Refinement Workers: 4
 Periodic GC: Disabled

Heap:
 garbage-first heap   total 96256K, used 67234K [0x0000000080000000, 0x0000000100000000)
  region size 1024K, 12 young (12288K), 3 survivors (3072K)
 Metaspace       used 65383K, committed 65920K, reserved 1105920K
  class space    used 8623K, committed 8832K, reserved 1048576K

Heap Regions: E=young(eden), S=young(survivor), O=old, HS=humongous(starts), HC=humongous(continues), CS=collection set, F=free, OA=open archive, CA=closed archive, TAMS=top-at-mark-start (previous, next)
|   0|0x0000000080000000, 0x0000000080100000, 0x0000000080100000|100%| O|  |TAMS 0x0000000080100000, 0x0000000080000000| Untracked 
|   1|0x0000000080100000, 0x0000000080200000, 0x0000000080200000|100%| O|  |TAMS 0x0000000080200000, 0x0000000080100000| Updating 
|   2|0x0000000080200000, 0x0000000080300000, 0x0000000080300000|100%|HS|  |TAMS 0x0000000080300000, 0x0000000080200000| Complete 
|   3|0x0000000080300000, 0x0000000080400000, 0x0000000080400000|100%|HC|  |TAMS 0x0000000080400000, 0x0000000080300000| Complete 
|   4|0x0000000080400000, 0x0000000080500000, 0x0000000080500000|100%|HC|  |TAMS 0x0000000080500000, 0x0000000080400000| Complete 
|   5|0x0000000080500000, 0x0000000080600000, 0x0000000080600000|100%|HC|  |TAMS 0x0000000080600000, 0x0000000080500000| Complete 
|   6|0x0000000080600000, 0x0000000080700000, 0x0000000080700000|100%| O|  |TAMS 0x0000000080700000, 0x0000000080600000| Untracked 
|   7|0x0000000080700000, 0x0000000080800000, 0x0000000080800000|100%| O|  |TAMS 0x0000000080800000, 0x0000000080700000| Untracked 
|   8|0x0000000080800000, 0x0000000080900000, 0x0000000080900000|100%| O|  |TAMS 0x0000000080900000, 0x0000000080800000| Updating 
|   9|0x0000000080900000, 0x0000000080a00000, 0x0000000080a00000|100%| O|  |TAMS 0x0000000080a00000, 0x0000000080900000| Untracked 
|  10|0x0000000080a00000, 0x0000000080b00000, 0x0000000080b00000|100%| O|  |TAMS 0x0000000080b00000, 0x0000000080a00000| Updating 
|  11|0x0000000080b00000, 0x0000000080c00000, 0x0000000080c00000|100%| O|  |TAMS 0x0000000080c00000, 0x0000000080b00000| Untracked 
|  12|0x0000000080c00000, 0x0000000080d00000, 0x0000000080d00000|100%| O|  |TAMS 0x0000000080d00000, 0x0000000080c00000| Untracked 
|  13|0x0000000080d00000, 0x0000000080e00000, 0x0000000080e00000|100%| O|  |TAMS 0x0000000080e00000, 0x0000000080d00000| Untracked 
|  14|0x0000000080e00000, 0x0000000080f00000, 0x0000000080f00000|100%| O|  |TAMS 0x0000000080f00000, 0x0000000080e00000| Updating 
|  15|0x0000000080f00000, 0x0000000081000000, 0x0000000081000000|100%| O|  |TAMS 0x0000000081000000, 0x0000000080f00000| Untracked 
|  16|0x0000000081000000, 0x0000000081100000, 0x0000000081100000|100%| O|  |TAMS 0x0000000081100000, 0x0000000081000000| Untracked 
|  17|0x0000000081100000, 0x0000000081200000, 0x0000000081200000|100%| O|  |TAMS 0x0000000081200000, 0x0000000081100000| Untracked 
|  18|0x0000000081200000, 0x0000000081300000, 0x0000000081300000|100%| O|  |TAMS 0x0000000081300000, 0x0000000081200000| Untracked 
|  19|0x0000000081300000, 0x0000000081400000, 0x0000000081400000|100%| O|  |TAMS 0x0000000081400000, 0x0000000081300000| Untracked 
|  20|0x0000000081400000, 0x0000000081500000, 0x0000000081500000|100%| O|  |TAMS 0x0000000081500000, 0x0000000081400000| Updating 
|  21|0x0000000081500000, 0x0000000081600000, 0x0000000081600000|100%| O|  |TAMS 0x0000000081600000, 0x0000000081500000| Untracked 
|  22|0x0000000081600000, 0x0000000081660200, 0x0000000081700000| 37%| O|  |TAMS 0x0000000081600000, 0x0000000081600000| Updating 
|  23|0x0000000081700000, 0x0000000081800000, 0x0000000081800000|100%| O|  |TAMS 0x0000000081800000, 0x0000000081700000| Untracked 
|  24|0x0000000081800000, 0x0000000081900000, 0x0000000081900000|100%| O|  |TAMS 0x0000000081900000, 0x0000000081800000| Updating 
|  25|0x0000000081900000, 0x0000000081a00000, 0x0000000081a00000|100%| O|  |TAMS 0x0000000081a00000, 0x0000000081900000| Untracked 
|  26|0x0000000081a00000, 0x0000000081b00000, 0x0000000081b00000|100%| O|  |TAMS 0x0000000081b00000, 0x0000000081a00000| Untracked 
|  27|0x0000000081b00000, 0x0000000081c00000, 0x0000000081c00000|100%| O|  |TAMS 0x0000000081c00000, 0x0000000081b00000| Untracked 
|  28|0x0000000081c00000, 0x0000000081d00000, 0x0000000081d00000|100%| O|  |TAMS 0x0000000081d00000, 0x0000000081c00000| Untracked 
|  29|0x0000000081d00000, 0x0000000081e00000, 0x0000000081e00000|100%| O|  |TAMS 0x0000000081e00000, 0x0000000081d00000| Updating 
|  30|0x0000000081e00000, 0x0000000081f00000, 0x0000000081f00000|100%| O|  |TAMS 0x0000000081f00000, 0x0000000081e00000| Untracked 
|  31|0x0000000081f00000, 0x0000000082000000, 0x0000000082000000|100%| O|  |TAMS 0x0000000082000000, 0x0000000081f00000| Untracked 
|  32|0x0000000082000000, 0x0000000082100000, 0x0000000082100000|100%| O|  |TAMS 0x0000000082100000, 0x0000000082000000| Untracked 
|  33|0x0000000082100000, 0x0000000082200000, 0x0000000082200000|100%| O|  |TAMS 0x0000000082200000, 0x0000000082100000| Untracked 
|  34|0x0000000082200000, 0x0000000082300000, 0x0000000082300000|100%| O|  |TAMS 0x0000000082300000, 0x0000000082200000| Untracked 
|  35|0x0000000082300000, 0x0000000082400000, 0x0000000082400000|100%|HS|  |TAMS 0x0000000082400000, 0x0000000082300000| Complete 
|  36|0x0000000082400000, 0x0000000082500000, 0x0000000082500000|100%|HS|  |TAMS 0x0000000082500000, 0x0000000082400000| Complete 
|  37|0x0000000082500000, 0x0000000082600000, 0x0000000082600000|100%| O|  |TAMS 0x0000000082600000, 0x0000000082500000| Untracked 
|  38|0x0000000082600000, 0x0000000082700000, 0x0000000082700000|100%| O|  |TAMS 0x0000000082700000, 0x0000000082600000| Updating 
|  39|0x0000000082700000, 0x0000000082800000, 0x0000000082800000|100%|HS|  |TAMS 0x0000000082800000, 0x0000000082700000| Complete 
|  40|0x0000000082800000, 0x0000000082900000, 0x0000000082900000|100%|HC|  |TAMS 0x0000000082900000, 0x0000000082800000| Complete 
|  41|0x0000000082900000, 0x0000000082a00000, 0x0000000082a00000|100%|HS|  |TAMS 0x0000000082a00000, 0x0000000082900000| Complete 
|  42|0x0000000082a00000, 0x0000000082b00000, 0x0000000082b00000|100%| O|  |TAMS 0x0000000082b00000, 0x0000000082a00000| Untracked 
|  43|0x0000000082b00000, 0x0000000082c00000, 0x0000000082c00000|100%|HS|  |TAMS 0x0000000082c00000, 0x0000000082b00000| Complete 
|  44|0x0000000082c00000, 0x0000000082d00000, 0x0000000082d00000|100%|HC|  |TAMS 0x0000000082d00000, 0x0000000082c00000| Complete 
|  45|0x0000000082d00000, 0x0000000082e00000, 0x0000000082e00000|100%|HC|  |TAMS 0x0000000082e00000, 0x0000000082d00000| Complete 
|  46|0x0000000082e00000, 0x0000000082f00000, 0x0000000082f00000|100%|HC|  |TAMS 0x0000000082f00000, 0x0000000082e00000| Complete 
|  47|0x0000000082f00000, 0x0000000083000000, 0x0000000083000000|100%| O|  |TAMS 0x0000000083000000, 0x0000000082f00000| Untracked 
|  48|0x0000000083000000, 0x0000000083100000, 0x0000000083100000|100%| O|  |TAMS 0x0000000083100000, 0x0000000083000000| Untracked 
|  49|0x0000000083100000, 0x0000000083200000, 0x0000000083200000|100%| O|  |TAMS 0x0000000083200000, 0x0000000083100000| Untracked 
|  50|0x0000000083200000, 0x0000000083300000, 0x0000000083300000|100%| O|  |TAMS 0x0000000083300000, 0x0000000083200000| Untracked 
|  51|0x0000000083300000, 0x0000000083400000, 0x0000000083400000|100%| O|  |TAMS 0x0000000083400000, 0x0000000083300000| Untracked 
|  52|0x0000000083400000, 0x0000000083500000, 0x0000000083500000|100%| O|  |TAMS 0x0000000083425c00, 0x0000000083400000| Untracked 
|  53|0x0000000083500000, 0x0000000083600000, 0x0000000083600000|100%|HS|  |TAMS 0x0000000083500000, 0x0000000083500000| Complete 
|  54|0x0000000083600000, 0x0000000083700000, 0x0000000083700000|100%|HS|  |TAMS 0x0000000083600000, 0x0000000083600000| Complete 
|  55|0x0000000083700000, 0x0000000083800000, 0x0000000083800000|100%|HS|  |TAMS 0x0000000083700000, 0x0000000083700000| Complete 
|  56|0x0000000083800000, 0x0000000083900000, 0x0000000083900000|100%|HS|  |TAMS 0x0000000083800000, 0x0000000083800000| Complete 
|  57|0x0000000083900000, 0x0000000083900000, 0x0000000083a00000|  0%| F|  |TAMS 0x0000000083900000, 0x0000000083900000| Untracked 
|  58|0x0000000083a00000, 0x0000000083a00000, 0x0000000083b00000|  0%| F|  |TAMS 0x0000000083a00000, 0x0000000083a00000| Untracked 
|  59|0x0000000083b00000, 0x0000000083b00000, 0x0000000083c00000|  0%| F|  |TAMS 0x0000000083b00000, 0x0000000083b00000| Untracked 
|  60|0x0000000083c00000, 0x0000000083c00000, 0x0000000083d00000|  0%| F|  |TAMS 0x0000000083c00000, 0x0000000083c00000| Untracked 
|  61|0x0000000083d00000, 0x0000000083d00000, 0x0000000083e00000|  0%| F|  |TAMS 0x0000000083d00000, 0x0000000083d00000| Untracked 
|  62|0x0000000083e00000, 0x0000000083e00000, 0x0000000083f00000|  0%| F|  |TAMS 0x0000000083e00000, 0x0000000083e00000| Untracked 
|  63|0x0000000083f00000, 0x0000000083f00000, 0x0000000084000000|  0%| F|  |TAMS 0x0000000083f00000, 0x0000000083f00000| Untracked 
|  64|0x0000000084000000, 0x0000000084000000, 0x0000000084100000|  0%| F|  |TAMS 0x0000000084000000, 0x0000000084000000| Untracked 
|  65|0x0000000084100000, 0x0000000084100000, 0x0000000084200000|  0%| F|  |TAMS 0x0000000084100000, 0x0000000084100000| Untracked 
|  66|0x0000000084200000, 0x0000000084200000, 0x0000000084300000|  0%| F|  |TAMS 0x0000000084200000, 0x0000000084200000| Untracked 
|  67|0x0000000084300000, 0x0000000084300000, 0x0000000084400000|  0%| F|  |TAMS 0x0000000084300000, 0x0000000084300000| Untracked 
|  68|0x0000000084400000, 0x0000000084400000, 0x0000000084500000|  0%| F|  |TAMS 0x0000000084400000, 0x0000000084400000| Untracked 
|  69|0x0000000084500000, 0x0000000084500000, 0x0000000084600000|  0%| F|  |TAMS 0x0000000084500000, 0x0000000084500000| Untracked 
|  70|0x0000000084600000, 0x0000000084600000, 0x0000000084700000|  0%| F|  |TAMS 0x0000000084600000, 0x0000000084600000| Untracked 
|  71|0x0000000084700000, 0x0000000084700000, 0x0000000084800000|  0%| F|  |TAMS 0x0000000084700000, 0x0000000084700000| Untracked 
|  72|0x0000000084800000, 0x0000000084800000, 0x0000000084900000|  0%| F|  |TAMS 0x0000000084800000, 0x0000000084800000| Untracked 
|  73|0x0000000084900000, 0x0000000084900000, 0x0000000084a00000|  0%| F|  |TAMS 0x0000000084900000, 0x0000000084900000| Untracked 
|  74|0x0000000084a00000, 0x0000000084a00000, 0x0000000084b00000|  0%| F|  |TAMS 0x0000000084a00000, 0x0000000084a00000| Untracked 
|  75|0x0000000084b00000, 0x0000000084b00000, 0x0000000084c00000|  0%| F|  |TAMS 0x0000000084b00000, 0x0000000084b00000| Untracked 
|  76|0x0000000084c00000, 0x0000000084c00000, 0x0000000084d00000|  0%| F|  |TAMS 0x0000000084c00000, 0x0000000084c00000| Untracked 
|  77|0x0000000084d00000, 0x0000000084d00000, 0x0000000084e00000|  0%| F|  |TAMS 0x0000000084d00000, 0x0000000084d00000| Untracked 
|  78|0x0000000084e00000, 0x0000000084e00000, 0x0000000084f00000|  0%| F|  |TAMS 0x0000000084e00000, 0x0000000084e00000| Untracked 
|  79|0x0000000084f00000, 0x0000000084f00000, 0x0000000085000000|  0%| F|  |TAMS 0x0000000084f00000, 0x0000000084f00000| Untracked 
|  80|0x0000000085000000, 0x0000000085000000, 0x0000000085100000|  0%| F|  |TAMS 0x0000000085000000, 0x0000000085000000| Untracked 
|  81|0x0000000085100000, 0x0000000085100000, 0x0000000085200000|  0%| F|  |TAMS 0x0000000085100000, 0x0000000085100000| Untracked 
|  82|0x0000000085200000, 0x0000000085258fa0, 0x0000000085300000| 34%| E|  |TAMS 0x0000000085200000, 0x0000000085200000| Complete 
|  83|0x0000000085300000, 0x0000000085400000, 0x0000000085400000|100%| E|CS|TAMS 0x0000000085300000, 0x0000000085300000| Complete 
|  84|0x0000000085400000, 0x0000000085500000, 0x0000000085500000|100%| E|CS|TAMS 0x0000000085400000, 0x0000000085400000| Complete 
|  85|0x0000000085500000, 0x0000000085600000, 0x0000000085600000|100%| E|CS|TAMS 0x0000000085500000, 0x0000000085500000| Complete 
|  86|0x0000000085600000, 0x0000000085648648, 0x0000000085700000| 28%| S|CS|TAMS 0x0000000085600000, 0x0000000085600000| Complete 
|  87|0x0000000085700000, 0x0000000085800000, 0x0000000085800000|100%| S|CS|TAMS 0x0000000085700000, 0x0000000085700000| Complete 
|  88|0x0000000085800000, 0x0000000085900000, 0x0000000085900000|100%| S|CS|TAMS 0x0000000085800000, 0x0000000085800000| Complete 
|  89|0x0000000085900000, 0x0000000085a00000, 0x0000000085a00000|100%| E|CS|TAMS 0x0000000085900000, 0x0000000085900000| Complete 
|  90|0x0000000085a00000, 0x0000000085b00000, 0x0000000085b00000|100%| E|CS|TAMS 0x0000000085a00000, 0x0000000085a00000| Complete 
|  91|0x0000000085b00000, 0x0000000085c00000, 0x0000000085c00000|100%| E|  |TAMS 0x0000000085b00000, 0x0000000085b00000| Complete 
|  92|0x0000000085c00000, 0x0000000085d00000, 0x0000000085d00000|100%| E|CS|TAMS 0x0000000085c00000, 0x0000000085c00000| Complete 
|  93|0x0000000085d00000, 0x0000000085e00000, 0x0000000085e00000|100%| E|CS|TAMS 0x0000000085d00000, 0x0000000085d00000| Complete 

Card table byte_map: [0x000001877f320000,0x000001877f720000] _byte_map_base: 0x000001877ef20000

Marking Bits (Prev, Next): (CMBitMap*) 0x0000018779ca28d0, (CMBitMap*) 0x0000018779ca2890
 Prev Bits: [0x0000018711000000, 0x0000018713000000)
 Next Bits: [0x000001870f000000, 0x0000018711000000)

Polling page: 0x0000018779d10000

Metaspace:

Usage:
  Non-class:     55.43 MB used.
      Class:      8.42 MB used.
       Both:     63.85 MB used.

Virtual space:
  Non-class space:       56.00 MB reserved,      55.75 MB (>99%) committed,  7 nodes.
      Class space:        1.00 GB reserved,       8.62 MB ( <1%) committed,  1 nodes.
             Both:        1.05 GB reserved,      64.38 MB (  6%) committed. 

Chunk freelists:
   Non-Class:  170.00 KB
       Class:  3.39 MB
        Both:  3.55 MB

MaxMetaspaceSize: unlimited
CompressedClassSpaceSize: 1.00 GB
Initial GC threshold: 21.00 MB
Current GC threshold: 100.62 MB
CDS: off
MetaspaceReclaimPolicy: balanced
 - commit_granule_bytes: 65536.
 - commit_granule_words: 8192.
 - virtual_space_node_default_size: 1048576.
 - enlarge_chunks_in_place: 1.
 - new_chunks_are_fully_committed: 0.
 - uncommit_free_chunks: 1.
 - use_allocation_guard: 0.
 - handle_deallocations: 1.


Internal statistics:

num_allocs_failed_limit: 6.
num_arena_births: 702.
num_arena_deaths: 0.
num_vsnodes_births: 8.
num_vsnodes_deaths: 0.
num_space_committed: 1030.
num_space_uncommitted: 0.
num_chunks_returned_to_freelist: 6.
num_chunks_taken_from_freelist: 2827.
num_chunk_merges: 6.
num_chunk_splits: 1891.
num_chunks_enlarged: 1293.
num_purges: 0.
num_inconsistent_stats: 0.

CodeHeap 'non-profiled nmethods': size=120000Kb used=3087Kb max_used=3460Kb free=116912Kb
 bounds [0x0000018707ad0000, 0x0000018707e40000, 0x000001870f000000]
CodeHeap 'profiled nmethods': size=120000Kb used=11121Kb max_used=12055Kb free=108878Kb
 bounds [0x0000018700000000, 0x0000018700bd0000, 0x0000018707530000]
CodeHeap 'non-nmethods': size=5760Kb used=2362Kb max_used=2410Kb free=3398Kb
 bounds [0x0000018707530000, 0x00000187077a0000, 0x0000018707ad0000]
 total_blobs=6733 nmethods=5857 adapters=788
 compilation: enabled
              stopped_count=0, restarted_count=0
 full_count=0

Compilation events (20 events):
Event: 93.171 Thread 0x0000018715c0b700 6678       3       sun.security.util.SecurityProviderConstants::getAliases (65 bytes)
Event: 93.172 Thread 0x0000018715c0b700 nmethod 6678 0x000001870050ad90 code [0x000001870050b000, 0x000001870050b908]
Event: 93.187 Thread 0x0000018715c0ac60 nmethod 6599% 0x0000018707c9b990 code [0x0000018707c9bd20, 0x0000018707ca0df8]
Event: 93.188 Thread 0x0000018715c0ac60 6620       4       java.util.jar.Manifest$FastInputStream::readLine (296 bytes)
Event: 93.200 Thread 0x0000018715c0ac60 nmethod 6620 0x0000018707af4e10 code [0x0000018707af4fc0, 0x0000018707af5748]
Event: 93.200 Thread 0x0000018715c0ac60 6679   !   4       java.util.jar.Attributes::read (494 bytes)
Event: 93.222 Thread 0x0000018715c0b700 6682       3       sun.security.util.DerValue::toDigit (51 bytes)
Event: 93.223 Thread 0x0000018715c0b700 nmethod 6682 0x000001870050a190 code [0x000001870050a3e0, 0x000001870050ab08]
Event: 93.223 Thread 0x0000018715c0b700 6683       3       sun.security.util.DerValue::getOID (76 bytes)
Event: 93.224 Thread 0x0000018715c0b700 nmethod 6683 0x000001870005a610 code [0x000001870005a860, 0x000001870005afb8]
Event: 93.224 Thread 0x0000018715c0b700 6684       3       sun.security.util.ObjectIdentifier::check (80 bytes)
Event: 93.224 Thread 0x0000018715c0b700 nmethod 6684 0x0000018700509990 code [0x0000018700509b60, 0x0000018700509ff8]
Event: 93.229 Thread 0x0000018715c0b700 6685       3       java.math.MutableBigInteger::add (346 bytes)
Event: 93.230 Thread 0x0000018715c0b700 nmethod 6685 0x0000018700059610 code [0x0000018700059820, 0x000001870005a248]
Event: 93.235 Thread 0x0000018715c0b700 6686       3       java.math.BigInteger::multiplyToLen (20 bytes)
Event: 93.236 Thread 0x0000018715c0b700 nmethod 6686 0x00000187000ff310 code [0x00000187000ff540, 0x00000187000ffc88]
Event: 93.237 Thread 0x0000018715c0b700 6687       3       java.math.BigInteger::montgomeryMultiply (54 bytes)
Event: 93.237 Thread 0x0000018715c0b700 nmethod 6687 0x00000187000feb10 code [0x00000187000fed00, 0x00000187000ff118]
Event: 93.260 Thread 0x0000018715c0b700 6688       3       sun.security.util.ObjectIdentifier::hashCode (8 bytes)
Event: 93.260 Thread 0x0000018715c0b700 nmethod 6688 0x0000018700059290 code [0x0000018700059420, 0x0000018700059568]

GC Heap History (20 events):
Event: 89.088 GC heap before
{Heap before GC invocations=19 (full 0):
 garbage-first heap   total 73728K, used 39273K [0x0000000080000000, 0x0000000100000000)
  region size 1024K, 4 young (4096K), 2 survivors (2048K)
 Metaspace       used 53589K, committed 54080K, reserved 1097728K
  class space    used 7135K, committed 7360K, reserved 1048576K
}
Event: 89.093 GC heap after
{Heap after GC invocations=20 (full 0):
 garbage-first heap   total 73728K, used 40895K [0x0000000080000000, 0x0000000100000000)
  region size 1024K, 2 young (2048K), 2 survivors (2048K)
 Metaspace       used 53589K, committed 54080K, reserved 1097728K
  class space    used 7135K, committed 7360K, reserved 1048576K
}
Event: 89.264 GC heap before
{Heap before GC invocations=21 (full 0):
 garbage-first heap   total 78848K, used 46015K [0x0000000080000000, 0x0000000100000000)
  region size 1024K, 6 young (6144K), 2 survivors (2048K)
 Metaspace       used 53662K, committed 54144K, reserved 1097728K
  class space    used 7145K, committed 7360K, reserved 1048576K
}
Event: 89.267 GC heap after
{Heap after GC invocations=22 (full 0):
 garbage-first heap   total 78848K, used 45527K [0x0000000080000000, 0x0000000100000000)
  region size 1024K, 2 young (2048K), 2 survivors (2048K)
 Metaspace       used 53662K, committed 54144K, reserved 1097728K
  class space    used 7145K, committed 7360K, reserved 1048576K
}
Event: 89.439 GC heap before
{Heap before GC invocations=23 (full 0):
 garbage-first heap   total 86016K, used 49623K [0x0000000080000000, 0x0000000100000000)
  region size 1024K, 4 young (4096K), 2 survivors (2048K)
 Metaspace       used 53662K, committed 54144K, reserved 1097728K
  class space    used 7145K, committed 7360K, reserved 1048576K
}
Event: 89.442 GC heap after
{Heap after GC invocations=24 (full 0):
 garbage-first heap   total 86016K, used 51551K [0x0000000080000000, 0x0000000100000000)
  region size 1024K, 2 young (2048K), 2 survivors (2048K)
 Metaspace       used 53662K, committed 54144K, reserved 1097728K
  class space    used 7145K, committed 7360K, reserved 1048576K
}
Event: 89.900 GC heap before
{Heap before GC invocations=25 (full 0):
 garbage-first heap   total 91136K, used 60767K [0x0000000080000000, 0x0000000100000000)
  region size 1024K, 11 young (11264K), 2 survivors (2048K)
 Metaspace       used 54659K, committed 55104K, reserved 1097728K
  class space    used 7271K, committed 7488K, reserved 1048576K
}
Event: 89.902 GC heap after
{Heap after GC invocations=26 (full 0):
 garbage-first heap   total 91136K, used 52665K [0x0000000080000000, 0x0000000100000000)
  region size 1024K, 2 young (2048K), 2 survivors (2048K)
 Metaspace       used 54659K, committed 55104K, reserved 1097728K
  class space    used 7271K, committed 7488K, reserved 1048576K
}
Event: 90.507 GC heap before
{Heap before GC invocations=26 (full 0):
 garbage-first heap   total 91136K, used 62905K [0x0000000080000000, 0x0000000100000000)
  region size 1024K, 13 young (13312K), 2 survivors (2048K)
 Metaspace       used 56147K, committed 56704K, reserved 1105920K
  class space    used 7493K, committed 7744K, reserved 1048576K
}
Event: 90.511 GC heap after
{Heap after GC invocations=27 (full 0):
 garbage-first heap   total 91136K, used 53076K [0x0000000080000000, 0x0000000100000000)
  region size 1024K, 1 young (1024K), 1 survivors (1024K)
 Metaspace       used 56147K, committed 56704K, reserved 1105920K
  class space    used 7493K, committed 7744K, reserved 1048576K
}
Event: 91.032 GC heap before
{Heap before GC invocations=28 (full 0):
 garbage-first heap   total 94208K, used 65364K [0x0000000080000000, 0x0000000100000000)
  region size 1024K, 13 young (13312K), 1 survivors (1024K)
 Metaspace       used 58149K, committed 58688K, reserved 1105920K
  class space    used 7719K, committed 7936K, reserved 1048576K
}
Event: 91.035 GC heap after
{Heap after GC invocations=29 (full 0):
 garbage-first heap   total 94208K, used 53526K [0x0000000080000000, 0x0000000100000000)
  region size 1024K, 1 young (1024K), 1 survivors (1024K)
 Metaspace       used 58149K, committed 58688K, reserved 1105920K
  class space    used 7719K, committed 7936K, reserved 1048576K
}
Event: 91.200 GC heap before
{Heap before GC invocations=29 (full 0):
 garbage-first heap   total 94208K, used 56598K [0x0000000080000000, 0x0000000100000000)
  region size 1024K, 4 young (4096K), 1 survivors (1024K)
 Metaspace       used 58918K, committed 59456K, reserved 1105920K
  class space    used 7810K, committed 8064K, reserved 1048576K
}
Event: 91.204 GC heap after
{Heap after GC invocations=30 (full 0):
 garbage-first heap   total 94208K, used 53010K [0x0000000080000000, 0x0000000100000000)
  region size 1024K, 1 young (1024K), 1 survivors (1024K)
 Metaspace       used 58918K, committed 59456K, reserved 1105920K
  class space    used 7810K, committed 8064K, reserved 1048576K
}
Event: 92.003 GC heap before
{Heap before GC invocations=30 (full 0):
 garbage-first heap   total 94208K, used 67346K [0x0000000080000000, 0x0000000100000000)
  region size 1024K, 16 young (16384K), 1 survivors (1024K)
 Metaspace       used 61115K, committed 61696K, reserved 1105920K
  class space    used 8048K, committed 8320K, reserved 1048576K
}
Event: 92.008 GC heap after
{Heap after GC invocations=31 (full 0):
 garbage-first heap   total 94208K, used 53662K [0x0000000080000000, 0x0000000100000000)
  region size 1024K, 2 young (2048K), 2 survivors (2048K)
 Metaspace       used 61115K, committed 61696K, reserved 1105920K
  class space    used 8048K, committed 8320K, reserved 1048576K
}
Event: 92.991 GC heap before
{Heap before GC invocations=32 (full 0):
 garbage-first heap   total 96256K, used 70046K [0x0000000080000000, 0x0000000100000000)
  region size 1024K, 18 young (18432K), 2 survivors (2048K)
 Metaspace       used 64048K, committed 64576K, reserved 1105920K
  class space    used 8479K, committed 8704K, reserved 1048576K
}
Event: 92.996 GC heap after
{Heap after GC invocations=33 (full 0):
 garbage-first heap   total 96256K, used 54853K [0x0000000080000000, 0x0000000100000000)
  region size 1024K, 3 young (3072K), 3 survivors (3072K)
 Metaspace       used 64048K, committed 64576K, reserved 1105920K
  class space    used 8479K, committed 8704K, reserved 1048576K
}
Event: 93.177 GC heap before
{Heap before GC invocations=33 (full 0):
 garbage-first heap   total 96256K, used 57925K [0x0000000080000000, 0x0000000100000000)
  region size 1024K, 8 young (8192K), 3 survivors (3072K)
 Metaspace       used 65378K, committed 65920K, reserved 1105920K
  class space    used 8623K, committed 8832K, reserved 1048576K
}
Event: 93.182 GC heap after
{Heap after GC invocations=34 (full 0):
 garbage-first heap   total 96256K, used 55970K [0x0000000080000000, 0x0000000100000000)
  region size 1024K, 3 young (3072K), 3 survivors (3072K)
 Metaspace       used 65378K, committed 65920K, reserved 1105920K
  class space    used 8623K, committed 8832K, reserved 1048576K
}

Dll operation events (2 events):
Event: 0.417 Loaded shared library C:\Program Files\Android\Android Studio\jbr\bin\java.dll
Event: 2.681 Loaded shared library C:\Program Files\Android\Android Studio\jbr\bin\verify.dll

Deoptimization events (20 events):
Event: 93.215 Thread 0x0000018717471500 DEOPT PACKING pc=0x0000018707dfd72c sp=0x00000021a6cf2050
Event: 93.215 Thread 0x0000018717471500 DEOPT UNPACKING pc=0x000001870758a1a3 sp=0x00000021a6cf2008 mode 2
Event: 93.215 Thread 0x0000018717471500 Uncommon trap: trap_request=0xffffff45 fr.pc=0x0000018707cf07e0 relative=0x0000000000000060
Event: 93.215 Thread 0x0000018717471500 Uncommon trap: reason=unstable_if action=reinterpret pc=0x0000018707cf07e0 method=java.util.LinkedHashMap.afterNodeAccess(Ljava/util/HashMap$Node;)V @ 4 c2
Event: 93.215 Thread 0x0000018717471500 DEOPT PACKING pc=0x0000018707cf07e0 sp=0x00000021a6cf1ff0
Event: 93.215 Thread 0x0000018717471500 DEOPT UNPACKING pc=0x000001870758a1a3 sp=0x00000021a6cf1f70 mode 2
Event: 93.215 Thread 0x0000018717471500 DEOPT PACKING pc=0x000001870042a367 sp=0x00000021a6cf20b0
Event: 93.215 Thread 0x0000018717471500 DEOPT UNPACKING pc=0x000001870758ace3 sp=0x00000021a6cf1640 mode 0
Event: 93.216 Thread 0x0000018717471500 DEOPT PACKING pc=0x000001870042a367 sp=0x00000021a6cf20b0
Event: 93.216 Thread 0x0000018717471500 DEOPT UNPACKING pc=0x000001870758ace3 sp=0x00000021a6cf1640 mode 0
Event: 93.217 Thread 0x0000018717471500 DEOPT PACKING pc=0x000001870042a367 sp=0x00000021a6cf20b0
Event: 93.217 Thread 0x0000018717471500 DEOPT UNPACKING pc=0x000001870758ace3 sp=0x00000021a6cf1640 mode 0
Event: 93.217 Thread 0x0000018717471500 DEOPT PACKING pc=0x000001870042a367 sp=0x00000021a6cf20b0
Event: 93.217 Thread 0x0000018717471500 DEOPT UNPACKING pc=0x000001870758ace3 sp=0x00000021a6cf1640 mode 0
Event: 93.218 Thread 0x0000018717471500 DEOPT PACKING pc=0x000001870042a367 sp=0x00000021a6cf20b0
Event: 93.218 Thread 0x0000018717471500 DEOPT UNPACKING pc=0x000001870758ace3 sp=0x00000021a6cf1640 mode 0
Event: 93.220 Thread 0x0000018717471500 DEOPT PACKING pc=0x000001870042a367 sp=0x00000021a6cf20b0
Event: 93.220 Thread 0x0000018717471500 DEOPT UNPACKING pc=0x000001870758ace3 sp=0x00000021a6cf1640 mode 0
Event: 93.221 Thread 0x0000018717471500 DEOPT PACKING pc=0x000001870042a367 sp=0x00000021a6cf20b0
Event: 93.221 Thread 0x0000018717471500 DEOPT UNPACKING pc=0x000001870758ace3 sp=0x00000021a6cf1640 mode 0

Classes unloaded (0 events):
No events

Classes redefined (0 events):
No events

Internal exceptions (20 events):
Event: 88.454 Thread 0x0000018717471500 Exception <a 'java/lang/NoSuchMethodError'{0x0000000083ca5068}: 'long java.lang.invoke.DirectMethodHandle$Holder.invokeVirtual(java.lang.Object, java.lang.Object)'> (0x0000000083ca5068) 
thrown [s\src\hotspot\share\interpreter\linkResolver.cpp, line 771]
Event: 88.465 Thread 0x0000018717471ea0 Exception <a 'java/lang/NoSuchMethodError'{0x0000000083cdda20}: static Lorg/gradle/internal/build/event/types/DefaultOperationFinishedProgressEvent;.<clinit>()V> (0x0000000083cdda20) 
thrown [s\src\hotspot\share\prims\jni.cpp, line 1108]
Event: 88.474 Thread 0x0000018717471ea0 Exception <a 'java/lang/NoSuchMethodError'{0x0000000083b23178}: static Lorg/gradle/internal/build/event/types/DefaultProjectConfigurationSuccessResult;.<clinit>()V> (0x0000000083b23178) 
thrown [s\src\hotspot\share\prims\jni.cpp, line 1108]
Event: 88.474 Thread 0x0000018717471ea0 Exception <a 'java/lang/NoSuchMethodError'{0x0000000083b246f8}: static Lorg/gradle/internal/build/event/types/AbstractProjectConfigurationResult;.<clinit>()V> (0x0000000083b246f8) 
thrown [s\src\hotspot\share\prims\jni.cpp, line 1108]
Event: 88.474 Thread 0x0000018717471ea0 Exception <a 'java/lang/NoSuchMethodError'{0x0000000083b25e50}: static Lorg/gradle/internal/build/event/types/AbstractOperationResult;.<clinit>()V> (0x0000000083b25e50) 
thrown [s\src\hotspot\share\prims\jni.cpp, line 1108]
Event: 88.474 Thread 0x0000018717471ea0 Exception <a 'java/lang/NoSuchMethodError'{0x0000000083b272c8}: static Lorg/gradle/internal/build/event/types/AbstractResult;.<clinit>()V> (0x0000000083b272c8) 
thrown [s\src\hotspot\share\prims\jni.cpp, line 1108]
Event: 88.478 Thread 0x0000018717471ea0 Exception <a 'java/lang/NoSuchMethodError'{0x0000000083b410b8}: static Lorg/gradle/internal/build/event/types/DefaultPluginApplicationResult;.<clinit>()V> (0x0000000083b410b8) 
thrown [s\src\hotspot\share\prims\jni.cpp, line 1108]
Event: 88.480 Thread 0x0000018717471ea0 Exception <a 'java/lang/NoSuchMethodError'{0x0000000083b4d420}: static Lorg/gradle/internal/build/event/types/DefaultBinaryPluginIdentifier;.<clinit>()V> (0x0000000083b4d420) 
thrown [s\src\hotspot\share\prims\jni.cpp, line 1108]
Event: 88.483 Thread 0x0000018717471ea0 Exception <a 'java/lang/NoSuchMethodError'{0x0000000083b6bb90}: static Lorg/gradle/internal/build/event/types/DefaultScriptPluginIdentifier;.<clinit>()V> (0x0000000083b6bb90) 
thrown [s\src\hotspot\share\prims\jni.cpp, line 1108]
Event: 88.771 Thread 0x0000018717471500 Implicit null exception at 0x0000018707da3512 to 0x0000018707da3bf0
Event: 89.645 Thread 0x0000018717471500 Exception <a 'java/lang/ClassNotFoundException'{0x0000000085737fc8}: org/gradle/api/internal/plugins/DefaultObjectConfigurationActionBeanInfo> (0x0000000085737fc8) 
thrown [s\src\hotspot\share\classfile\systemDictionary.cpp, line 256]
Event: 89.652 Thread 0x0000018717471500 Exception <a 'java/lang/ClassNotFoundException'{0x000000008574bd50}: org/gradle/api/internal/plugins/DefaultObjectConfigurationActionCustomizer> (0x000000008574bd50) 
thrown [s\src\hotspot\share\classfile\systemDictionary.cpp, line 256]
Event: 90.080 Thread 0x0000018717471500 Exception <a 'java/lang/NoSuchMethodError'{0x000000008540f0f8}: 'java.lang.Object java.lang.invoke.DirectMethodHandle$Holder.newInvokeSpecial(java.lang.Object, java.lang.Object, java.lang.Object, java.lang.Object, int)'> (0x000000008540f0f8) 
thrown [s\src\hotspot\share\interpreter\linkResolver.cpp, line 771]
Event: 90.080 Thread 0x0000018717471500 Exception <a 'java/lang/NoSuchMethodError'{0x0000000085414540}: 'java.lang.Object java.lang.invoke.DirectMethodHandle$Holder.invokeSpecial(java.lang.Object, java.lang.Object, java.lang.Object, java.lang.Object, java.lang.Object, int)'> (0x0000000085414540) 
thrown [s\src\hotspot\share\interpreter\linkResolver.cpp, line 771]
Event: 90.081 Thread 0x0000018717471500 Exception <a 'java/lang/NoSuchMethodError'{0x00000000854192c0}: 'java.lang.Object java.lang.invoke.Invokers$Holder.linkToTargetMethod(java.lang.Object, java.lang.Object, java.lang.Object, int, java.lang.Object)'> (0x00000000854192c0) 
thrown [s\src\hotspot\share\interpreter\linkResolver.cpp, line 771]
Event: 90.806 Thread 0x0000018717471500 Exception <a 'java/lang/NoSuchMethodError'{0x00000000856b1bd0}: 'int java.lang.invoke.DirectMethodHandle$Holder.invokeInterface(java.lang.Object, java.lang.Object, java.lang.Object, java.lang.Object)'> (0x00000000856b1bd0) 
thrown [s\src\hotspot\share\interpreter\linkResolver.cpp, line 771]
Event: 92.497 Thread 0x0000018717471500 Exception <a 'java/lang/IncompatibleClassChangeError'{0x0000000085628548}: Found class java.lang.Object, but interface was expected> (0x0000000085628548) 
thrown [s\src\hotspot\share\interpreter\linkResolver.cpp, line 838]
Event: 92.638 Thread 0x0000018717471500 Implicit null exception at 0x0000018707b40759 to 0x0000018707b408f4
Event: 92.638 Thread 0x0000018717471500 Implicit null exception at 0x0000018707d6408d to 0x0000018707d647f8
Event: 93.072 Thread 0x0000018717471500 Implicit null exception at 0x0000018707ca680c to 0x0000018707ca6942

VM Operations (20 events):
Event: 90.805 Executing VM operation: HandshakeAllThreads done
Event: 91.032 Executing VM operation: G1CollectForAllocation
Event: 91.035 Executing VM operation: G1CollectForAllocation done
Event: 91.200 Executing VM operation: G1CollectForAllocation
Event: 91.204 Executing VM operation: G1CollectForAllocation done
Event: 92.003 Executing VM operation: G1CollectForAllocation
Event: 92.011 Executing VM operation: G1CollectForAllocation done
Event: 92.090 Executing VM operation: G1Concurrent
Event: 92.097 Executing VM operation: G1Concurrent done
Event: 92.130 Executing VM operation: G1Concurrent
Event: 92.130 Executing VM operation: G1Concurrent done
Event: 92.990 Executing VM operation: G1CollectForAllocation
Event: 92.996 Executing VM operation: G1CollectForAllocation done
Event: 93.020 Executing VM operation: HandshakeAllThreads
Event: 93.020 Executing VM operation: HandshakeAllThreads done
Event: 93.084 Executing VM operation: HandshakeAllThreads
Event: 93.084 Executing VM operation: HandshakeAllThreads done
Event: 93.177 Executing VM operation: G1TryInitiateConcMark
Event: 93.182 Executing VM operation: G1TryInitiateConcMark done
Event: 93.262 Executing VM operation: G1Concurrent

Events (20 events):
Event: 93.120 loading class java/security/cert/CertPathValidatorException$BasicReason
Event: 93.120 loading class java/security/cert/CertPathValidatorException$Reason
Event: 93.120 loading class java/security/cert/CertPathValidatorException$Reason done
Event: 93.120 loading class java/security/cert/CertPathValidatorException$BasicReason done
Event: 93.120 loading class java/security/SignatureException
Event: 93.120 loading class java/security/SignatureException done
Event: 93.126 loading class sun/security/rsa/RSASignature$SHA256withRSA
Event: 93.126 loading class sun/security/rsa/RSASignature$SHA256withRSA done
Event: 93.128 loading class sun/security/provider/DSA$SHA256withDSA
Event: 93.129 loading class sun/security/provider/DSA$SHA256withDSA done
Event: 93.167 loading class java/util/Base64
Event: 93.168 loading class java/util/Base64 done
Event: 93.168 loading class java/util/Base64$Decoder
Event: 93.168 loading class java/util/Base64$Decoder done
Event: 93.168 loading class java/util/Base64$Encoder
Event: 93.168 loading class java/util/Base64$Encoder done
Event: 93.169 loading class java/util/jar/JarVerifier$VerifierStream
Event: 93.170 loading class java/util/jar/JarVerifier$VerifierStream done
Event: 93.170 loading class sun/security/util/ManifestEntryVerifier$SunProviderHolder
Event: 93.170 loading class sun/security/util/ManifestEntryVerifier$SunProviderHolder done


Dynamic libraries:
0x00007ff759070000 - 0x00007ff75907a000 	C:\Program Files\Android\Android Studio\jbr\bin\java.exe
0x00007ffc66cb0000 - 0x00007ffc66ec7000 	C:\WINDOWS\SYSTEM32\ntdll.dll
0x00007ffc64f30000 - 0x00007ffc64ff4000 	C:\WINDOWS\System32\KERNEL32.DLL
0x00007ffc642e0000 - 0x00007ffc64686000 	C:\WINDOWS\System32\KERNELBASE.dll
0x00007ffc648f0000 - 0x00007ffc64a01000 	C:\WINDOWS\System32\ucrtbase.dll
0x00007ffc4b5f0000 - 0x00007ffc4b607000 	C:\Program Files\Android\Android Studio\jbr\bin\jli.dll
0x00007ffc40790000 - 0x00007ffc407ab000 	C:\Program Files\Android\Android Studio\jbr\bin\VCRUNTIME140.dll
0x00007ffc64a80000 - 0x00007ffc64c2d000 	C:\WINDOWS\System32\USER32.dll
0x00007ffc648c0000 - 0x00007ffc648e6000 	C:\WINDOWS\System32\win32u.dll
0x00007ffc65700000 - 0x00007ffc65729000 	C:\WINDOWS\System32\GDI32.dll
0x00007ffc4dbc0000 - 0x00007ffc4de53000 	C:\WINDOWS\WinSxS\amd64_microsoft.windows.common-controls_6595b64144ccf1df_6.0.22621.2361_none_2712ced57382f843\COMCTL32.dll
0x00007ffc64700000 - 0x00007ffc64818000 	C:\WINDOWS\System32\gdi32full.dll
0x00007ffc64820000 - 0x00007ffc648ba000 	C:\WINDOWS\System32\msvcp_win.dll
0x00007ffc64d70000 - 0x00007ffc64e17000 	C:\WINDOWS\System32\msvcrt.dll
0x00007ffc64d30000 - 0x00007ffc64d61000 	C:\WINDOWS\System32\IMM32.DLL
0x00007ffc4b910000 - 0x00007ffc4b91c000 	C:\Program Files\Android\Android Studio\jbr\bin\vcruntime140_1.dll
0x00007ffc381f0000 - 0x00007ffc3827d000 	C:\Program Files\Android\Android Studio\jbr\bin\msvcp140.dll
0x00007ffc0a9d0000 - 0x00007ffc0b63e000 	C:\Program Files\Android\Android Studio\jbr\bin\server\jvm.dll
0x00007ffc66b60000 - 0x00007ffc66c10000 	C:\WINDOWS\System32\ADVAPI32.dll
0x00007ffc66ab0000 - 0x00007ffc66b56000 	C:\WINDOWS\System32\sechost.dll
0x00007ffc65000000 - 0x00007ffc65117000 	C:\WINDOWS\System32\RPCRT4.dll
0x00007ffc59e20000 - 0x00007ffc59e54000 	C:\WINDOWS\SYSTEM32\WINMM.dll
0x00007ffc4d370000 - 0x00007ffc4d379000 	C:\WINDOWS\SYSTEM32\WSOCK32.dll
0x00007ffc65bd0000 - 0x00007ffc65c41000 	C:\WINDOWS\System32\WS2_32.dll
0x00007ffc49df0000 - 0x00007ffc49dfa000 	C:\WINDOWS\SYSTEM32\VERSION.dll
0x00007ffc63050000 - 0x00007ffc63068000 	C:\WINDOWS\SYSTEM32\kernel.appcore.dll
0x00007ffc4d2a0000 - 0x00007ffc4d2aa000 	C:\Program Files\Android\Android Studio\jbr\bin\jimage.dll
0x00007ffc61860000 - 0x00007ffc61a8e000 	C:\WINDOWS\SYSTEM32\DBGHELP.DLL
0x00007ffc66720000 - 0x00007ffc66aaa000 	C:\WINDOWS\System32\combase.dll
0x00007ffc64e50000 - 0x00007ffc64f27000 	C:\WINDOWS\System32\OLEAUT32.dll
0x00007ffc44dd0000 - 0x00007ffc44e02000 	C:\WINDOWS\SYSTEM32\dbgcore.DLL
0x00007ffc641a0000 - 0x00007ffc6421a000 	C:\WINDOWS\System32\bcryptPrimitives.dll
0x00007ffc4b810000 - 0x00007ffc4b835000 	C:\Program Files\Android\Android Studio\jbr\bin\java.dll
0x00007ffc4d1e0000 - 0x00007ffc4d1f8000 	C:\Program Files\Android\Android Studio\jbr\bin\zip.dll
0x00007ffc65d70000 - 0x00007ffc665c8000 	C:\WINDOWS\System32\SHELL32.dll
0x00007ffc61f40000 - 0x00007ffc62832000 	C:\WINDOWS\SYSTEM32\windows.storage.dll
0x00007ffc61e00000 - 0x00007ffc61f3e000 	C:\WINDOWS\SYSTEM32\wintypes.dll
0x00007ffc64c30000 - 0x00007ffc64d23000 	C:\WINDOWS\System32\SHCORE.dll
0x00007ffc66c10000 - 0x00007ffc66c6e000 	C:\WINDOWS\System32\shlwapi.dll
0x00007ffc63f60000 - 0x00007ffc63f86000 	C:\WINDOWS\SYSTEM32\profapi.dll
0x00007ffc4d5c0000 - 0x00007ffc4d5d9000 	C:\Program Files\Android\Android Studio\jbr\bin\net.dll
0x00007ffc5c770000 - 0x00007ffc5c8a7000 	C:\WINDOWS\SYSTEM32\WINHTTP.dll
0x00007ffc634f0000 - 0x00007ffc63559000 	C:\WINDOWS\system32\mswsock.dll
0x00007ffc4d5a0000 - 0x00007ffc4d5b6000 	C:\Program Files\Android\Android Studio\jbr\bin\nio.dll
0x00007ffc56380000 - 0x00007ffc56390000 	C:\Program Files\Android\Android Studio\jbr\bin\verify.dll
0x00007ffc3d320000 - 0x00007ffc3d347000 	C:\Users\asus4\.gradle\native\68d5fa5c4cc2d200863cafc0d521ce42e7d3e7ee720ec0a83991735586a16f82\windows-amd64\native-platform.dll
0x00007ffc31490000 - 0x00007ffc315d4000 	C:\Users\asus4\.gradle\native\e376f236ea51e6404a007f0833ffe2c6e607c4080706a723a18a27aeea778392\windows-amd64\native-platform-file-events.dll
0x00007ffc56240000 - 0x00007ffc56249000 	C:\Program Files\Android\Android Studio\jbr\bin\management.dll
0x00007ffc4d590000 - 0x00007ffc4d59b000 	C:\Program Files\Android\Android Studio\jbr\bin\management_ext.dll
0x00007ffc64e20000 - 0x00007ffc64e28000 	C:\WINDOWS\System32\PSAPI.DLL
0x00007ffc637b0000 - 0x00007ffc637cb000 	C:\WINDOWS\SYSTEM32\CRYPTSP.dll
0x00007ffc62fb0000 - 0x00007ffc62fe5000 	C:\WINDOWS\system32\rsaenh.dll
0x00007ffc63650000 - 0x00007ffc6367c000 	C:\WINDOWS\SYSTEM32\USERENV.dll
0x00007ffc639f0000 - 0x00007ffc63a18000 	C:\WINDOWS\SYSTEM32\bcrypt.dll
0x00007ffc637d0000 - 0x00007ffc637dc000 	C:\WINDOWS\SYSTEM32\CRYPTBASE.dll
0x00007ffc62aa0000 - 0x00007ffc62acd000 	C:\WINDOWS\SYSTEM32\IPHLPAPI.DLL
0x00007ffc65390000 - 0x00007ffc65399000 	C:\WINDOWS\System32\NSI.dll
0x00007ffc59e00000 - 0x00007ffc59e19000 	C:\WINDOWS\SYSTEM32\dhcpcsvc6.DLL
0x00007ffc59d60000 - 0x00007ffc59d7f000 	C:\WINDOWS\SYSTEM32\dhcpcsvc.DLL
0x00007ffc62b10000 - 0x00007ffc62c09000 	C:\WINDOWS\SYSTEM32\DNSAPI.dll
0x00007ffc4d420000 - 0x00007ffc4d428000 	C:\WINDOWS\system32\wshunix.dll

dbghelp: loaded successfully - version: 4.0.5 - missing functions: none
symbol engine: initialized successfully - sym options: 0x614 - pdb path: .;C:\Program Files\Android\Android Studio\jbr\bin;C:\WINDOWS\SYSTEM32;C:\WINDOWS\WinSxS\amd64_microsoft.windows.common-controls_6595b64144ccf1df_6.0.22621.2361_none_2712ced57382f843;C:\Program Files\Android\Android Studio\jbr\bin\server;C:\Users\asus4\.gradle\native\68d5fa5c4cc2d200863cafc0d521ce42e7d3e7ee720ec0a83991735586a16f82\windows-amd64;C:\Users\asus4\.gradle\native\e376f236ea51e6404a007f0833ffe2c6e607c4080706a723a18a27aeea778392\windows-amd64

VM Arguments:
jvm_args: --add-opens=java.base/java.util=ALL-UNNAMED --add-opens=java.base/java.lang=ALL-UNNAMED --add-opens=java.base/java.lang.invoke=ALL-UNNAMED --add-opens=java.prefs/java.util.prefs=ALL-UNNAMED --add-opens=java.base/java.nio.charset=ALL-UNNAMED --add-opens=java.base/java.net=ALL-UNNAMED --add-opens=java.base/java.util.concurrent.atomic=ALL-UNNAMED -Xmx2048m -Dfile.encoding=UTF-8 -Duser.country=US -Duser.language=en -Duser.variant 
java_command: org.gradle.launcher.daemon.bootstrap.GradleDaemon 8.0
java_class_path (initial): C:\Users\asus4\.gradle\wrapper\dists\gradle-8.0-bin\ca5e32bp14vu59qr306oxotwh\gradle-8.0\lib\gradle-launcher-8.0.jar
Launcher Type: SUN_STANDARD

[Global flags]
     intx CICompilerCount                          = 3                                         {product} {ergonomic}
     uint ConcGCThreads                            = 1                                         {product} {ergonomic}
     uint G1ConcRefinementThreads                  = 4                                         {product} {ergonomic}
   size_t G1HeapRegionSize                         = 1048576                                   {product} {ergonomic}
    uintx GCDrainStackTargetSize                   = 64                                        {product} {ergonomic}
   size_t InitialHeapSize                          = 62914560                                  {product} {ergonomic}
   size_t MarkStackSize                            = 4194304                                   {product} {ergonomic}
   size_t MaxHeapSize                              = 2147483648                                {product} {command line}
   size_t MaxNewSize                               = 1287651328                                {product} {ergonomic}
   size_t MinHeapDeltaBytes                        = 1048576                                   {product} {ergonomic}
   size_t MinHeapSize                              = 8388608                                   {product} {ergonomic}
    uintx NonNMethodCodeHeapSize                   = 5832780                                {pd product} {ergonomic}
    uintx NonProfiledCodeHeapSize                  = 122912730                              {pd product} {ergonomic}
    uintx ProfiledCodeHeapSize                     = 122912730                              {pd product} {ergonomic}
    uintx ReservedCodeCacheSize                    = 251658240                              {pd product} {ergonomic}
     bool SegmentedCodeCache                       = true                                      {product} {ergonomic}
   size_t SoftMaxHeapSize                          = 2147483648                             {manageable} {ergonomic}
     bool UseCompressedClassPointers               = true                           {product lp64_product} {ergonomic}
     bool UseCompressedOops                        = true                           {product lp64_product} {ergonomic}
     bool UseG1GC                                  = true                                      {product} {ergonomic}
     bool UseLargePagesIndividualAllocation        = false                                  {pd product} {ergonomic}

Logging:
Log output configuration:
 #0: stdout all=warning uptime,level,tags
 #1: stderr all=off uptime,level,tags

Environment Variables:
JAVA_HOME=C:\Program Files\Java\jdk-20
PATH=C:\Program Files\Common Files\Oracle\Java\javapath;C:\WINDOWS\system32;C:\WINDOWS;C:\WINDOWS\System32\Wbem;C:\WINDOWS\System32\WindowsPowerShell\v1.0\;C:\WINDOWS\System32\OpenSSH\;C:\Program Files\Go\bin;C:\Program Files\Java\jdk-20\bin;D:\game\Git\cmd;C:\Users\asus4\AppData\Local\Microsoft\WindowsApps;;C:\Users\asus4\AppData\Local\Programs\Microsoft VS Code\bin;C:\Users\asus4\go\bin;C:\Program Files\JetBrains\IntelliJ IDEA 2023.2\bin;;C:\Program Files\JetBrains\IntelliJ IDEA Community Edition 2023.2.1\bin;
USERNAME=asus4
OS=Windows_NT
PROCESSOR_IDENTIFIER=Intel64 Family 6 Model 140 Stepping 1, GenuineIntel
TMP=C:\Users\asus4\AppData\Local\Temp
TEMP=C:\Users\asus4\AppData\Local\Temp


JNI global refs:
JNI global refs: 23, weak refs: 0

JNI global refs memory usage: 843, weak refs: 209


---------------  S Y S T E M  ---------------

OS:
 Windows 11 , 64 bit Build 22621 (10.0.22621.2428)
OS uptime: 0 days 7:22 hours
Hyper-V role detected

CPU: total 4 (initial active 4) (2 cores per cpu, 2 threads per core) family 6 model 140 stepping 1 microcode 0x86, cx8, cmov, fxsr, ht, mmx, 3dnowpref, sse, sse2, sse3, ssse3, sse4.1, sse4.2, popcnt, lzcnt, tsc, tscinvbit, avx, avx2, aes, erms, clmul, bmi1, bmi2, adx, avx512f, avx512dq, avx512cd, avx512bw, avx512vl, sha, fma, vzeroupper, avx512_vpopcntdq, avx512_vpclmulqdq, avx512_vaes, avx512_vnni, clflush, clflushopt, clwb, avx512_vbmi2, avx512_vbmi, hv

Memory: 4k page, system-wide physical 3790M (119M free)
TotalPageFile size 15566M (AvailPageFile size 12M)
current process WorkingSet (physical memory assigned to process): 223M, peak: 223M
current process commit charge ("private bytes"): 305M, peak: 326M

vm_info: OpenJDK 64-Bit Server VM (17.0.6+0-b2043.56-10027231) for windows-amd64 JRE (17.0.6+0-b2043.56-10027231), built on Apr 28 2023 00:43:19 by "androidbuild" with MS VC++ 16.10 / 16.11 (VS2019)

END.
