#
# There is insufficient memory for the Java Runtime Environment to continue.
# Native memory allocation (mmap) failed to map 449839104 bytes for G1 virtual space
# Possible reasons:
#   The system is out of physical RAM or swap space
#   The process is running with CompressedOops enabled, and the Java Heap may be blocking the growth of the native heap
# Possible solutions:
#   Reduce memory load on the system
#   Increase physical memory or swap space
#   Check if swap backing store is full
#   Decrease Java heap size (-Xmx/-Xms)
#   Decrease number of Java threads
#   Decrease Java thread stack sizes (-Xss)
#   Set larger code cache with -XX:ReservedCodeCacheSize=
#   JVM is running with Unscaled Compressed Oops mode in which the Java heap is
#     placed in the first 4GB address space. The Java Heap base address is the
#     maximum limit for the native heap growth. Please use -XX:HeapBaseMinAddress
#     to set the Java Heap base and to place the Java Heap above 4GB virtual address.
# This output file may be truncated or incomplete.
#
#  Out of Memory Error (os_windows.cpp:3769), pid=11420, tid=8576
#
# JRE version: OpenJDK Runtime Environment (17.0.6) (build 17.0.6+0-b2043.56-10027231)
# Java VM: OpenJDK 64-Bit Server VM (17.0.6+0-b2043.56-10027231, mixed mode, tiered, compressed oops, compressed class ptrs, g1 gc, windows-amd64)
# No core dump will be written. Minidumps are not enabled by default on client versions of Windows
#

---------------  S U M M A R Y ------------

Command Line: --add-opens=java.base/java.util=ALL-UNNAMED --add-opens=java.base/java.lang=ALL-UNNAMED --add-opens=java.base/java.lang.invoke=ALL-UNNAMED --add-opens=java.prefs/java.util.prefs=ALL-UNNAMED --add-opens=java.base/java.nio.charset=ALL-UNNAMED --add-opens=java.base/java.net=ALL-UNNAMED --add-opens=java.base/java.util.concurrent.atomic=ALL-UNNAMED -Xmx2048m -Dfile.encoding=UTF-8 -Duser.country=US -Duser.language=en -Duser.variant org.gradle.launcher.daemon.bootstrap.GradleDaemon 8.0

Host: 11th Gen Intel(R) Core(TM) i3-1115G4 @ 3.00GHz, 4 cores, 3G,  Windows 11 , 64 bit Build 22621 (10.0.22621.2428)
Time: Mon Oct 16 23:32:40 2023 SE Asia Standard Time elapsed time: 98.695932 seconds (0d 0h 1m 38s)

---------------  T H R E A D  ---------------

Current thread (0x00000277a850c610):  VMThread "VM Thread" [stack: 0x000000a753f00000,0x000000a754000000] [id=8576]

Stack: [0x000000a753f00000,0x000000a754000000]
Native frames: (J=compiled Java code, j=interpreted, Vv=VM code, C=native code)
V  [jvm.dll+0x683c9a]
V  [jvm.dll+0x8427a4]
V  [jvm.dll+0x843f9e]
V  [jvm.dll+0x844603]
V  [jvm.dll+0x249b75]
V  [jvm.dll+0x680b69]
V  [jvm.dll+0x67505a]
V  [jvm.dll+0x309acb]
V  [jvm.dll+0x310f86]
V  [jvm.dll+0x3608ee]
V  [jvm.dll+0x360b1f]
V  [jvm.dll+0x2dfbf8]
V  [jvm.dll+0x2ddec4]
V  [jvm.dll+0x2dd4cc]
V  [jvm.dll+0x321f3b]
V  [jvm.dll+0x848ccb]
V  [jvm.dll+0x849a04]
V  [jvm.dll+0x849f1d]
V  [jvm.dll+0x84a2f4]
V  [jvm.dll+0x84a3c0]
V  [jvm.dll+0x7f274a]
V  [jvm.dll+0x682ad5]
C  [ucrtbase.dll+0x29363]
C  [KERNEL32.DLL+0x1257d]
C  [ntdll.dll+0x5aa78]

VM_Operation (0x000000a759efcb70): G1CollectForAllocation, mode: safepoint, requested by thread 0x00000277ab9bcae0


---------------  P R O C E S S  ---------------

Threads class SMR info:
_java_thread_list=0x00000277b0af6e80, length=92, elements={
0x000002778d018ad0, 0x00000277a8512810, 0x00000277a85133c0, 0x00000277a900e090,
0x00000277a900e950, 0x00000277a9011410, 0x00000277a9013dd0, 0x00000277a9014b60,
0x00000277a9015600, 0x00000277a9069e20, 0x00000277a91617e0, 0x00000277a9165cc0,
0x00000277a946c840, 0x00000277a9c7f9e0, 0x00000277ab440ac0, 0x00000277aab09d40,
0x00000277abb152d0, 0x00000277a9dbd010, 0x00000277a9479cc0, 0x00000277ac1bcf60,
0x00000277ac1c0450, 0x00000277ac1bec40, 0x00000277ac1bd900, 0x00000277ac1bf5e0,
0x00000277ac1bddd0, 0x00000277ac1be2a0, 0x00000277ac1bd430, 0x00000277ac1be770,
0x00000277ac1bff80, 0x00000277ac1bf110, 0x00000277abc32cd0, 0x00000277abc30b20,
0x00000277abc2e970, 0x00000277abc2dfd0, 0x00000277abc32330, 0x00000277abc2fcb0,
0x00000277abc32800, 0x00000277abc33670, 0x00000277abc2ee40, 0x00000277abc2f310,
0x00000277abc30ff0, 0x00000277abc30180, 0x00000277abc2d630, 0x00000277abc31990,
0x00000277abc2e4a0, 0x00000277abc2db00, 0x00000277abc31e60, 0x00000277abc331a0,
0x00000277abc33b40, 0x00000277abc2cc90, 0x00000277abf9b080, 0x00000277abf9e570,
0x00000277abf9ba20, 0x00000277abfa1590, 0x00000277abf9cd60, 0x00000277abf9d230,
0x00000277abf9ef10, 0x00000277abf9a6e0, 0x00000277abfa1a60, 0x00000277abfa0250,
0x00000277abfa0bf0, 0x00000277abf9d700, 0x00000277abfa0720, 0x00000277abf9f8b0,
0x00000277abf9a210, 0x00000277abf9e0a0, 0x00000277abf9abb0, 0x00000277abf9f3e0,
0x00000277abf9c890, 0x00000277abf9dbd0, 0x00000277abf9b550, 0x00000277abf9bef0,
0x00000277abf9fd80, 0x00000277abf9c3c0, 0x00000277abfa10c0, 0x00000277abf9ea40,
0x00000277ab9bc140, 0x00000277ab9b95f0, 0x00000277ab9bd480, 0x00000277ab9b8780,
0x00000277ab9b7440, 0x00000277ab9b8c50, 0x00000277ab9bbc70, 0x00000277ab9b7910,
0x00000277ab9b7de0, 0x00000277ab9b82b0, 0x00000277ab9b9f90, 0x00000277ab9b9120,
0x00000277ab9bde20, 0x00000277ab9bc610, 0x00000277ab9be7c0, 0x00000277ab9bcae0
}

Java Threads: ( => current thread )
  0x000002778d018ad0 JavaThread "main" [_thread_blocked, id=4324, stack(0x000000a753900000,0x000000a753a00000)]
  0x00000277a8512810 JavaThread "Reference Handler" daemon [_thread_blocked, id=6676, stack(0x000000a754000000,0x000000a754100000)]
  0x00000277a85133c0 JavaThread "Finalizer" daemon [_thread_blocked, id=4144, stack(0x000000a754100000,0x000000a754200000)]
  0x00000277a900e090 JavaThread "Signal Dispatcher" daemon [_thread_blocked, id=12692, stack(0x000000a754200000,0x000000a754300000)]
  0x00000277a900e950 JavaThread "Attach Listener" daemon [_thread_blocked, id=10696, stack(0x000000a754300000,0x000000a754400000)]
  0x00000277a9011410 JavaThread "Service Thread" daemon [_thread_blocked, id=8448, stack(0x000000a754400000,0x000000a754500000)]
  0x00000277a9013dd0 JavaThread "Monitor Deflation Thread" daemon [_thread_blocked, id=10908, stack(0x000000a754500000,0x000000a754600000)]
  0x00000277a9014b60 JavaThread "C2 CompilerThread0" daemon [_thread_blocked, id=13064, stack(0x000000a754600000,0x000000a754700000)]
  0x00000277a9015600 JavaThread "C1 CompilerThread0" daemon [_thread_blocked, id=276, stack(0x000000a754700000,0x000000a754800000)]
  0x00000277a9069e20 JavaThread "Sweeper thread" daemon [_thread_blocked, id=12828, stack(0x000000a754800000,0x000000a754900000)]
  0x00000277a91617e0 JavaThread "Common-Cleaner" daemon [_thread_blocked, id=5912, stack(0x000000a754900000,0x000000a754a00000)]
  0x00000277a9165cc0 JavaThread "Notification Thread" daemon [_thread_blocked, id=6980, stack(0x000000a754a00000,0x000000a754b00000)]
  0x00000277a946c840 JavaThread "Daemon health stats" [_thread_blocked, id=6276, stack(0x000000a754f00000,0x000000a755000000)]
  0x00000277a9c7f9e0 JavaThread "Incoming local TCP Connector on port 52995" [_thread_in_native, id=1400, stack(0x000000a755000000,0x000000a755100000)]
  0x00000277ab440ac0 JavaThread "Daemon periodic checks" [_thread_blocked, id=7596, stack(0x000000a755100000,0x000000a755200000)]
  0x00000277aab09d40 JavaThread "Daemon" [_thread_blocked, id=12188, stack(0x000000a755200000,0x000000a755300000)]
  0x00000277abb152d0 JavaThread "Handler for socket connection from /127.0.0.1:52995 to /127.0.0.1:52997" [_thread_in_native, id=10316, stack(0x000000a755300000,0x000000a755400000)]
  0x00000277a9dbd010 JavaThread "Cancel handler" [_thread_blocked, id=1356, stack(0x000000a755400000,0x000000a755500000)]
  0x00000277a9479cc0 JavaThread "Daemon worker" [_thread_blocked, id=6988, stack(0x000000a755500000,0x000000a755600000)]
  0x00000277ac1bcf60 JavaThread "Asynchronous log dispatcher for DefaultDaemonConnection: socket connection from /127.0.0.1:52995 to /127.0.0.1:52997" [_thread_blocked, id=12104, stack(0x000000a755600000,0x000000a755700000)]
  0x00000277ac1c0450 JavaThread "Daemon client event forwarder" [_thread_blocked, id=12752, stack(0x000000a755800000,0x000000a755900000)]
  0x00000277ac1bec40 JavaThread "Cache worker for journal cache (C:\Users\asus4\.gradle\caches\journal-1)" [_thread_blocked, id=10792, stack(0x000000a755900000,0x000000a755a00000)]
  0x00000277ac1bd900 JavaThread "File lock request listener" [_thread_in_native, id=7552, stack(0x000000a755a00000,0x000000a755b00000)]
  0x00000277ac1bf5e0 JavaThread "Cache worker for file hash cache (C:\Users\asus4\.gradle\caches\8.0\fileHashes)" [_thread_blocked, id=9932, stack(0x000000a755b00000,0x000000a755c00000)]
  0x00000277ac1bddd0 JavaThread "File watcher server" daemon [_thread_blocked, id=8268, stack(0x000000a755c00000,0x000000a755d00000)]
  0x00000277ac1be2a0 JavaThread "File watcher consumer" daemon [_thread_blocked, id=7120, stack(0x000000a755d00000,0x000000a755e00000)]
  0x00000277ac1bd430 JavaThread "Cache worker for checksums cache (C:\Users\asus4\Go_Paper\.gradle\8.0\checksums)" [_thread_blocked, id=12132, stack(0x000000a755e00000,0x000000a755f00000)]
  0x00000277ac1be770 JavaThread "Cache worker for cache directory md-rule (C:\Users\asus4\.gradle\caches\8.0\md-rule)" [_thread_blocked, id=9852, stack(0x000000a755f00000,0x000000a756000000)]
  0x00000277ac1bff80 JavaThread "Cache worker for file content cache (C:\Users\asus4\.gradle\caches\8.0\fileContent)" [_thread_blocked, id=1328, stack(0x000000a756000000,0x000000a756100000)]
  0x00000277ac1bf110 JavaThread "Cache worker for file hash cache (C:\Users\asus4\Go_Paper\.gradle\8.0\fileHashes)" [_thread_blocked, id=9828, stack(0x000000a756100000,0x000000a756200000)]
  0x00000277abc32cd0 JavaThread "Cache worker for cache directory md-supplier (C:\Users\asus4\.gradle\caches\8.0\md-supplier)" [_thread_blocked, id=12912, stack(0x000000a756200000,0x000000a756300000)]
  0x00000277abc30b20 JavaThread "Cache worker for execution history cache (C:\Users\asus4\.gradle\caches\8.0\executionHistory)" [_thread_blocked, id=6264, stack(0x000000a756300000,0x000000a756400000)]
  0x00000277abc2e970 JavaThread "jar transforms" [_thread_blocked, id=5032, stack(0x000000a756500000,0x000000a756600000)]
  0x00000277abc2dfd0 JavaThread "jar transforms Thread 2" [_thread_blocked, id=4392, stack(0x000000a756600000,0x000000a756700000)]
  0x00000277abc32330 JavaThread "Cache worker for kotlin-dsl (C:\Users\asus4\.gradle\caches\8.0\kotlin-dsl)" [_thread_blocked, id=12384, stack(0x000000a756700000,0x000000a756800000)]
  0x00000277abc2fcb0 JavaThread "jar transforms Thread 3" [_thread_blocked, id=7724, stack(0x000000a756800000,0x000000a756900000)]
  0x00000277abc32800 JavaThread "jar transforms Thread 4" [_thread_blocked, id=6964, stack(0x000000a756900000,0x000000a756a00000)]
  0x00000277abc33670 JavaThread "Cache worker for dependencies-accessors (C:\Users\asus4\Go_Paper\.gradle\8.0\dependencies-accessors)" [_thread_blocked, id=4820, stack(0x000000a756a00000,0x000000a756b00000)]
  0x00000277abc2ee40 JavaThread "Cache worker for Build Output Cleanup Cache (C:\Users\asus4\Go_Paper\.gradle\buildOutputCleanup)" [_thread_blocked, id=3156, stack(0x000000a756b00000,0x000000a756c00000)]
  0x00000277abc2f310 JavaThread "Unconstrained build operations" [_thread_blocked, id=10900, stack(0x000000a756c00000,0x000000a756d00000)]
  0x00000277abc30ff0 JavaThread "Unconstrained build operations Thread 2" [_thread_blocked, id=8488, stack(0x000000a756d00000,0x000000a756e00000)]
  0x00000277abc30180 JavaThread "Unconstrained build operations Thread 3" [_thread_blocked, id=7764, stack(0x000000a756e00000,0x000000a756f00000)]
  0x00000277abc2d630 JavaThread "Unconstrained build operations Thread 4" [_thread_blocked, id=3592, stack(0x000000a756f00000,0x000000a757000000)]
  0x00000277abc31990 JavaThread "Unconstrained build operations Thread 5" [_thread_blocked, id=3128, stack(0x000000a757000000,0x000000a757100000)]
  0x00000277abc2e4a0 JavaThread "Unconstrained build operations Thread 6" [_thread_blocked, id=6836, stack(0x000000a757100000,0x000000a757200000)]
  0x00000277abc2db00 JavaThread "Unconstrained build operations Thread 7" [_thread_blocked, id=1912, stack(0x000000a757200000,0x000000a757300000)]
  0x00000277abc31e60 JavaThread "Unconstrained build operations Thread 8" [_thread_blocked, id=4356, stack(0x000000a757300000,0x000000a757400000)]
  0x00000277abc331a0 JavaThread "Unconstrained build operations Thread 9" [_thread_blocked, id=9728, stack(0x000000a757400000,0x000000a757500000)]
  0x00000277abc33b40 JavaThread "Unconstrained build operations Thread 10" [_thread_blocked, id=11608, stack(0x000000a757500000,0x000000a757600000)]
  0x00000277abc2cc90 JavaThread "Unconstrained build operations Thread 11" [_thread_blocked, id=12504, stack(0x000000a757600000,0x000000a757700000)]
  0x00000277abf9b080 JavaThread "Unconstrained build operations Thread 12" [_thread_blocked, id=7152, stack(0x000000a757700000,0x000000a757800000)]
  0x00000277abf9e570 JavaThread "Unconstrained build operations Thread 13" [_thread_blocked, id=3524, stack(0x000000a757800000,0x000000a757900000)]
  0x00000277abf9ba20 JavaThread "Unconstrained build operations Thread 14" [_thread_blocked, id=600, stack(0x000000a757900000,0x000000a757a00000)]
  0x00000277abfa1590 JavaThread "Unconstrained build operations Thread 15" [_thread_blocked, id=4416, stack(0x000000a757a00000,0x000000a757b00000)]
  0x00000277abf9cd60 JavaThread "Unconstrained build operations Thread 16" [_thread_blocked, id=6128, stack(0x000000a757b00000,0x000000a757c00000)]
  0x00000277abf9d230 JavaThread "Unconstrained build operations Thread 17" [_thread_blocked, id=13216, stack(0x000000a757c00000,0x000000a757d00000)]
  0x00000277abf9ef10 JavaThread "Unconstrained build operations Thread 18" [_thread_blocked, id=2476, stack(0x000000a757d00000,0x000000a757e00000)]
  0x00000277abf9a6e0 JavaThread "Unconstrained build operations Thread 19" [_thread_blocked, id=4612, stack(0x000000a757e00000,0x000000a757f00000)]
  0x00000277abfa1a60 JavaThread "Unconstrained build operations Thread 20" [_thread_blocked, id=11996, stack(0x000000a757f00000,0x000000a758000000)]
  0x00000277abfa0250 JavaThread "Unconstrained build operations Thread 21" [_thread_blocked, id=428, stack(0x000000a758000000,0x000000a758100000)]
  0x00000277abfa0bf0 JavaThread "Unconstrained build operations Thread 22" [_thread_blocked, id=6172, stack(0x000000a758100000,0x000000a758200000)]
  0x00000277abf9d700 JavaThread "Unconstrained build operations Thread 23" [_thread_blocked, id=6032, stack(0x000000a758200000,0x000000a758300000)]
  0x00000277abfa0720 JavaThread "Unconstrained build operations Thread 24" [_thread_blocked, id=10788, stack(0x000000a758300000,0x000000a758400000)]
  0x00000277abf9f8b0 JavaThread "Unconstrained build operations Thread 25" [_thread_blocked, id=4072, stack(0x000000a758400000,0x000000a758500000)]
  0x00000277abf9a210 JavaThread "Unconstrained build operations Thread 26" [_thread_blocked, id=8168, stack(0x000000a758500000,0x000000a758600000)]
  0x00000277abf9e0a0 JavaThread "Unconstrained build operations Thread 27" [_thread_blocked, id=12428, stack(0x000000a758600000,0x000000a758700000)]
  0x00000277abf9abb0 JavaThread "Unconstrained build operations Thread 28" [_thread_blocked, id=7208, stack(0x000000a758700000,0x000000a758800000)]
  0x00000277abf9f3e0 JavaThread "Unconstrained build operations Thread 29" [_thread_blocked, id=10756, stack(0x000000a758800000,0x000000a758900000)]
  0x00000277abf9c890 JavaThread "Unconstrained build operations Thread 30" [_thread_blocked, id=11244, stack(0x000000a758900000,0x000000a758a00000)]
  0x00000277abf9dbd0 JavaThread "Unconstrained build operations Thread 31" [_thread_blocked, id=7184, stack(0x000000a758a00000,0x000000a758b00000)]
  0x00000277abf9b550 JavaThread "Unconstrained build operations Thread 32" [_thread_blocked, id=7320, stack(0x000000a758b00000,0x000000a758c00000)]
  0x00000277abf9bef0 JavaThread "Unconstrained build operations Thread 33" [_thread_blocked, id=4748, stack(0x000000a758c00000,0x000000a758d00000)]
  0x00000277abf9fd80 JavaThread "Unconstrained build operations Thread 34" [_thread_blocked, id=3328, stack(0x000000a758d00000,0x000000a758e00000)]
  0x00000277abf9c3c0 JavaThread "Unconstrained build operations Thread 35" [_thread_blocked, id=2364, stack(0x000000a758e00000,0x000000a758f00000)]
  0x00000277abfa10c0 JavaThread "Unconstrained build operations Thread 36" [_thread_blocked, id=3052, stack(0x000000a758f00000,0x000000a759000000)]
  0x00000277abf9ea40 JavaThread "Unconstrained build operations Thread 37" [_thread_blocked, id=11820, stack(0x000000a759000000,0x000000a759100000)]
  0x00000277ab9bc140 JavaThread "Unconstrained build operations Thread 38" [_thread_blocked, id=2632, stack(0x000000a759100000,0x000000a759200000)]
  0x00000277ab9b95f0 JavaThread "Unconstrained build operations Thread 39" [_thread_blocked, id=6852, stack(0x000000a759200000,0x000000a759300000)]
  0x00000277ab9bd480 JavaThread "Unconstrained build operations Thread 40" [_thread_blocked, id=4904, stack(0x000000a759300000,0x000000a759400000)]
  0x00000277ab9b8780 JavaThread "build event listener" [_thread_blocked, id=12680, stack(0x000000a759400000,0x000000a759500000)]
  0x00000277ab9b7440 JavaThread "Memory manager" [_thread_blocked, id=7468, stack(0x000000a759700000,0x000000a759800000)]
  0x00000277ab9b8c50 JavaThread "pool-3-thread-1" [_thread_blocked, id=1160, stack(0x000000a753600000,0x000000a753700000)]
  0x00000277ab9bbc70 JavaThread "build event listener" [_thread_blocked, id=10312, stack(0x000000a753700000,0x000000a753800000)]
  0x00000277ab9b7910 JavaThread "included builds" [_thread_blocked, id=6432, stack(0x000000a753800000,0x000000a753900000)]
  0x00000277ab9b7de0 JavaThread "Execution worker" [_thread_blocked, id=12652, stack(0x000000a759800000,0x000000a759900000)]
  0x00000277ab9b82b0 JavaThread "Execution worker Thread 2" [_thread_blocked, id=3324, stack(0x000000a759900000,0x000000a759a00000)]
  0x00000277ab9b9f90 JavaThread "Execution worker Thread 3" [_thread_blocked, id=4004, stack(0x000000a759a00000,0x000000a759b00000)]
  0x00000277ab9b9120 JavaThread "Cache worker for execution history cache (C:\Users\asus4\Go_Paper\.gradle\8.0\executionHistory)" [_thread_blocked, id=12168, stack(0x000000a759b00000,0x000000a759c00000)]
  0x00000277ab9bde20 JavaThread "WorkerExecutor Queue" [_thread_blocked, id=9912, stack(0x000000a755700000,0x000000a755800000)]
  0x00000277ab9bc610 JavaThread "WorkerExecutor Queue Thread 2" [_thread_blocked, id=3060, stack(0x000000a759c00000,0x000000a759d00000)]
  0x00000277ab9be7c0 JavaThread "WorkerExecutor Queue Thread 3" [_thread_blocked, id=2536, stack(0x000000a759d00000,0x000000a759e00000)]
  0x00000277ab9bcae0 JavaThread "WorkerExecutor Queue Thread 4" [_thread_blocked, id=8904, stack(0x000000a759e00000,0x000000a759f00000)]

Other Threads:
=>0x00000277a850c610 VMThread "VM Thread" [stack: 0x000000a753f00000,0x000000a754000000] [id=8576]
  0x00000277a91681a0 WatcherThread [stack: 0x000000a754b00000,0x000000a754c00000] [id=12208]
  0x000002778d073110 GCTaskThread "GC Thread#0" [stack: 0x000000a753a00000,0x000000a753b00000] [id=11012]
  0x00000277a9a14af0 GCTaskThread "GC Thread#1" [stack: 0x000000a754c00000,0x000000a754d00000] [id=7440]
  0x00000277a95de700 GCTaskThread "GC Thread#2" [stack: 0x000000a754d00000,0x000000a754e00000] [id=5012]
  0x00000277a92e5730 GCTaskThread "GC Thread#3" [stack: 0x000000a754e00000,0x000000a754f00000] [id=4844]
  0x000002778d084050 ConcurrentGCThread "G1 Main Marker" [stack: 0x000000a753b00000,0x000000a753c00000] [id=9060]
  0x000002778d084a60 ConcurrentGCThread "G1 Conc#0" [stack: 0x000000a753c00000,0x000000a753d00000] [id=1932]
  0x000002778d0c1d20 ConcurrentGCThread "G1 Refine#0" [stack: 0x000000a753d00000,0x000000a753e00000] [id=3512]
  0x00000277aba2c040 ConcurrentGCThread "G1 Refine#1" [stack: 0x000000a756400000,0x000000a756500000] [id=8432]
  0x000002778d0c2740 ConcurrentGCThread "G1 Service" [stack: 0x000000a753e00000,0x000000a753f00000] [id=8092]

Threads with active compile tasks:
C1 CompilerThread0    98987 11945       3       com.sun.org.apache.xerces.internal.impl.XMLEntityScanner::skipChar (142 bytes)

VM state: at safepoint (normal execution)

VM Mutex/Monitor currently owned by a thread:  ([mutex/lock_event])
[0x000002778d013e20] Threads_lock - owner thread: 0x00000277a850c610
[0x000002778d0142a0] Heap_lock - owner thread: 0x00000277ab9bcae0

Heap address: 0x0000000080000000, size: 2048 MB, Compressed Oops mode: 32-bit

CDS archive(s) not mapped
Compressed class space mapped at: 0x0000000100000000-0x0000000140000000, reserved size: 1073741824
Narrow klass base: 0x0000000000000000, Narrow klass shift: 3, Narrow klass range: 0x140000000

GC Precious Log:
 CPUs: 4 total, 4 available
 Memory: 3790M
 Large Page Support: Disabled
 NUMA Support: Disabled
 Compressed Oops: Enabled (32-bit)
 Heap Region Size: 1M
 Heap Min Capacity: 8M
 Heap Initial Capacity: 60M
 Heap Max Capacity: 2G
 Pre-touch: Disabled
 Parallel Workers: 4
 Concurrent Workers: 1
 Concurrent Refinement Workers: 4
 Periodic GC: Disabled

Heap:
 garbage-first heap   total 288768K, used 113089K [0x0000000080000000, 0x0000000100000000)
  region size 1024K, 4 young (4096K), 4 survivors (4096K)
 Metaspace       used 103200K, committed 103872K, reserved 1138688K
  class space    used 13828K, committed 14144K, reserved 1048576K

Heap Regions: E=young(eden), S=young(survivor), O=old, HS=humongous(starts), HC=humongous(continues), CS=collection set, F=free, OA=open archive, CA=closed archive, TAMS=top-at-mark-start (previous, next)
|   0|0x0000000080000000, 0x0000000080100000, 0x0000000080100000|100%| O|  |TAMS 0x0000000080100000, 0x0000000080000000| Untracked 
|   1|0x0000000080100000, 0x0000000080200000, 0x0000000080200000|100%| O|  |TAMS 0x0000000080200000, 0x0000000080100000| Untracked 
|   2|0x0000000080200000, 0x0000000080300000, 0x0000000080300000|100%|HS|  |TAMS 0x0000000080300000, 0x0000000080200000| Complete 
|   3|0x0000000080300000, 0x0000000080400000, 0x0000000080400000|100%|HC|  |TAMS 0x0000000080400000, 0x0000000080300000| Complete 
|   4|0x0000000080400000, 0x0000000080500000, 0x0000000080500000|100%|HC|  |TAMS 0x0000000080500000, 0x0000000080400000| Complete 
|   5|0x0000000080500000, 0x0000000080600000, 0x0000000080600000|100%|HC|  |TAMS 0x0000000080600000, 0x0000000080500000| Complete 
|   6|0x0000000080600000, 0x0000000080700000, 0x0000000080700000|100%| O|  |TAMS 0x0000000080700000, 0x0000000080600000| Untracked 
|   7|0x0000000080700000, 0x0000000080800000, 0x0000000080800000|100%| O|  |TAMS 0x0000000080800000, 0x0000000080700000| Untracked 
|   8|0x0000000080800000, 0x0000000080900000, 0x0000000080900000|100%| O|  |TAMS 0x0000000080900000, 0x0000000080800000| Untracked 
|   9|0x0000000080900000, 0x0000000080a00000, 0x0000000080a00000|100%| O|  |TAMS 0x0000000080a00000, 0x0000000080900000| Untracked 
|  10|0x0000000080a00000, 0x0000000080b00000, 0x0000000080b00000|100%| O|  |TAMS 0x0000000080b00000, 0x0000000080a00000| Untracked 
|  11|0x0000000080b00000, 0x0000000080c00000, 0x0000000080c00000|100%| O|  |TAMS 0x0000000080c00000, 0x0000000080b00000| Untracked 
|  12|0x0000000080c00000, 0x0000000080d00000, 0x0000000080d00000|100%| O|  |TAMS 0x0000000080d00000, 0x0000000080c00000| Untracked 
|  13|0x0000000080d00000, 0x0000000080e00000, 0x0000000080e00000|100%| O|  |TAMS 0x0000000080e00000, 0x0000000080d00000| Untracked 
|  14|0x0000000080e00000, 0x0000000080f00000, 0x0000000080f00000|100%| O|  |TAMS 0x0000000080f00000, 0x0000000080e00000| Untracked 
|  15|0x0000000080f00000, 0x0000000081000000, 0x0000000081000000|100%| O|  |TAMS 0x0000000081000000, 0x0000000080f00000| Untracked 
|  16|0x0000000081000000, 0x0000000081100000, 0x0000000081100000|100%| O|  |TAMS 0x0000000081100000, 0x0000000081000000| Untracked 
|  17|0x0000000081100000, 0x0000000081200000, 0x0000000081200000|100%| O|  |TAMS 0x0000000081200000, 0x0000000081100000| Untracked 
|  18|0x0000000081200000, 0x0000000081300000, 0x0000000081300000|100%| O|  |TAMS 0x0000000081300000, 0x0000000081200000| Untracked 
|  19|0x0000000081300000, 0x0000000081400000, 0x0000000081400000|100%| O|  |TAMS 0x0000000081400000, 0x0000000081300000| Untracked 
|  20|0x0000000081400000, 0x0000000081500000, 0x0000000081500000|100%| O|  |TAMS 0x0000000081500000, 0x0000000081400000| Untracked 
|  21|0x0000000081500000, 0x0000000081600000, 0x0000000081600000|100%| O|  |TAMS 0x0000000081600000, 0x0000000081500000| Untracked 
|  22|0x0000000081600000, 0x0000000081700000, 0x0000000081700000|100%| O|  |TAMS 0x0000000081700000, 0x0000000081600000| Untracked 
|  23|0x0000000081700000, 0x0000000081800000, 0x0000000081800000|100%| O|  |TAMS 0x0000000081800000, 0x0000000081700000| Untracked 
|  24|0x0000000081800000, 0x0000000081900000, 0x0000000081900000|100%| O|  |TAMS 0x0000000081900000, 0x0000000081800000| Untracked 
|  25|0x0000000081900000, 0x0000000081a00000, 0x0000000081a00000|100%| O|  |TAMS 0x0000000081a00000, 0x0000000081900000| Untracked 
|  26|0x0000000081a00000, 0x0000000081b00000, 0x0000000081b00000|100%| O|  |TAMS 0x0000000081b00000, 0x0000000081a00000| Untracked 
|  27|0x0000000081b00000, 0x0000000081c00000, 0x0000000081c00000|100%| O|  |TAMS 0x0000000081c00000, 0x0000000081b00000| Untracked 
|  28|0x0000000081c00000, 0x0000000081d00000, 0x0000000081d00000|100%| O|  |TAMS 0x0000000081d00000, 0x0000000081c00000| Untracked 
|  29|0x0000000081d00000, 0x0000000081e00000, 0x0000000081e00000|100%| O|  |TAMS 0x0000000081e00000, 0x0000000081d00000| Untracked 
|  30|0x0000000081e00000, 0x0000000081f00000, 0x0000000081f00000|100%| O|  |TAMS 0x0000000081f00000, 0x0000000081e00000| Untracked 
|  31|0x0000000081f00000, 0x0000000082000000, 0x0000000082000000|100%| O|  |TAMS 0x0000000082000000, 0x0000000081f00000| Untracked 
|  32|0x0000000082000000, 0x0000000082100000, 0x0000000082100000|100%| O|  |TAMS 0x0000000082100000, 0x0000000082000000| Untracked 
|  33|0x0000000082100000, 0x0000000082200000, 0x0000000082200000|100%| O|  |TAMS 0x0000000082200000, 0x0000000082100000| Untracked 
|  34|0x0000000082200000, 0x0000000082300000, 0x0000000082300000|100%| O|  |TAMS 0x0000000082300000, 0x0000000082200000| Untracked 
|  35|0x0000000082300000, 0x0000000082400000, 0x0000000082400000|100%| O|  |TAMS 0x0000000082400000, 0x0000000082300000| Untracked 
|  36|0x0000000082400000, 0x0000000082500000, 0x0000000082500000|100%| O|  |TAMS 0x0000000082500000, 0x0000000082400000| Untracked 
|  37|0x0000000082500000, 0x0000000082600000, 0x0000000082600000|100%|HS|  |TAMS 0x0000000082600000, 0x0000000082500000| Complete 
|  38|0x0000000082600000, 0x0000000082700000, 0x0000000082700000|100%|HS|  |TAMS 0x0000000082700000, 0x0000000082600000| Complete 
|  39|0x0000000082700000, 0x0000000082800000, 0x0000000082800000|100%|HS|  |TAMS 0x0000000082800000, 0x0000000082700000| Complete 
|  40|0x0000000082800000, 0x0000000082900000, 0x0000000082900000|100%|HC|  |TAMS 0x0000000082900000, 0x0000000082800000| Complete 
|  41|0x0000000082900000, 0x0000000082a00000, 0x0000000082a00000|100%|HS|  |TAMS 0x0000000082a00000, 0x0000000082900000| Complete 
|  42|0x0000000082a00000, 0x0000000082b00000, 0x0000000082b00000|100%| O|  |TAMS 0x0000000082b00000, 0x0000000082a00000| Untracked 
|  43|0x0000000082b00000, 0x0000000082c00000, 0x0000000082c00000|100%|HS|  |TAMS 0x0000000082c00000, 0x0000000082b00000| Complete 
|  44|0x0000000082c00000, 0x0000000082d00000, 0x0000000082d00000|100%|HC|  |TAMS 0x0000000082d00000, 0x0000000082c00000| Complete 
|  45|0x0000000082d00000, 0x0000000082e00000, 0x0000000082e00000|100%|HC|  |TAMS 0x0000000082e00000, 0x0000000082d00000| Complete 
|  46|0x0000000082e00000, 0x0000000082f00000, 0x0000000082f00000|100%|HC|  |TAMS 0x0000000082f00000, 0x0000000082e00000| Complete 
|  47|0x0000000082f00000, 0x0000000083000000, 0x0000000083000000|100%| O|  |TAMS 0x0000000083000000, 0x0000000082f00000| Untracked 
|  48|0x0000000083000000, 0x0000000083100000, 0x0000000083100000|100%| O|  |TAMS 0x0000000083000000, 0x0000000083000000| Untracked 
|  49|0x0000000083100000, 0x0000000083200000, 0x0000000083200000|100%| O|  |TAMS 0x0000000083200000, 0x0000000083100000| Untracked 
|  50|0x0000000083200000, 0x0000000083300000, 0x0000000083300000|100%| O|  |TAMS 0x0000000083300000, 0x0000000083200000| Untracked 
|  51|0x0000000083300000, 0x0000000083400000, 0x0000000083400000|100%| O|  |TAMS 0x0000000083400000, 0x0000000083300000| Untracked 
|  52|0x0000000083400000, 0x0000000083500000, 0x0000000083500000|100%| O|  |TAMS 0x0000000083500000, 0x0000000083400000| Untracked 
|  53|0x0000000083500000, 0x0000000083600000, 0x0000000083600000|100%| O|  |TAMS 0x0000000083600000, 0x0000000083500000| Untracked 
|  54|0x0000000083600000, 0x0000000083700000, 0x0000000083700000|100%| O|  |TAMS 0x0000000083700000, 0x0000000083600000| Untracked 
|  55|0x0000000083700000, 0x0000000083800000, 0x0000000083800000|100%| O|  |TAMS 0x0000000083800000, 0x0000000083700000| Untracked 
|  56|0x0000000083800000, 0x0000000083900000, 0x0000000083900000|100%| O|  |TAMS 0x0000000083900000, 0x0000000083800000| Untracked 
|  57|0x0000000083900000, 0x0000000083a00000, 0x0000000083a00000|100%| O|  |TAMS 0x0000000083a00000, 0x0000000083900000| Untracked 
|  58|0x0000000083a00000, 0x0000000083b00000, 0x0000000083b00000|100%| O|  |TAMS 0x0000000083b00000, 0x0000000083a00000| Untracked 
|  59|0x0000000083b00000, 0x0000000083c00000, 0x0000000083c00000|100%| O|  |TAMS 0x0000000083c00000, 0x0000000083b00000| Untracked 
|  60|0x0000000083c00000, 0x0000000083d00000, 0x0000000083d00000|100%| O|  |TAMS 0x0000000083d00000, 0x0000000083c00000| Untracked 
|  61|0x0000000083d00000, 0x0000000083e00000, 0x0000000083e00000|100%| O|  |TAMS 0x0000000083e00000, 0x0000000083d00000| Untracked 
|  62|0x0000000083e00000, 0x0000000083f00000, 0x0000000083f00000|100%| O|  |TAMS 0x0000000083f00000, 0x0000000083e00000| Untracked 
|  63|0x0000000083f00000, 0x0000000084000000, 0x0000000084000000|100%| O|  |TAMS 0x0000000084000000, 0x0000000083f00000| Untracked 
|  64|0x0000000084000000, 0x0000000084100000, 0x0000000084100000|100%| O|  |TAMS 0x0000000084100000, 0x0000000084000000| Untracked 
|  65|0x0000000084100000, 0x0000000084200000, 0x0000000084200000|100%| O|  |TAMS 0x0000000084200000, 0x0000000084100000| Untracked 
|  66|0x0000000084200000, 0x0000000084300000, 0x0000000084300000|100%| O|  |TAMS 0x0000000084300000, 0x0000000084200000| Untracked 
|  67|0x0000000084300000, 0x0000000084400000, 0x0000000084400000|100%| O|  |TAMS 0x0000000084300000, 0x0000000084300000| Untracked 
|  68|0x0000000084400000, 0x0000000084500000, 0x0000000084500000|100%| O|  |TAMS 0x0000000084400000, 0x0000000084400000| Untracked 
|  69|0x0000000084500000, 0x0000000084600000, 0x0000000084600000|100%| O|  |TAMS 0x0000000084500000, 0x0000000084500000| Untracked 
|  70|0x0000000084600000, 0x0000000084700000, 0x0000000084700000|100%| O|  |TAMS 0x0000000084600000, 0x0000000084600000| Untracked 
|  71|0x0000000084700000, 0x0000000084800000, 0x0000000084800000|100%| O|  |TAMS 0x0000000084700000, 0x0000000084700000| Untracked 
|  72|0x0000000084800000, 0x0000000084900000, 0x0000000084900000|100%| O|  |TAMS 0x0000000084800000, 0x0000000084800000| Untracked 
|  73|0x0000000084900000, 0x0000000084a00000, 0x0000000084a00000|100%| O|  |TAMS 0x0000000084900000, 0x0000000084900000| Untracked 
|  74|0x0000000084a00000, 0x0000000084b00000, 0x0000000084b00000|100%| O|  |TAMS 0x0000000084a00000, 0x0000000084a00000| Untracked 
|  75|0x0000000084b00000, 0x0000000084c00000, 0x0000000084c00000|100%| O|  |TAMS 0x0000000084b00000, 0x0000000084b00000| Untracked 
|  76|0x0000000084c00000, 0x0000000084d00000, 0x0000000084d00000|100%| O|  |TAMS 0x0000000084c00000, 0x0000000084c00000| Untracked 
|  77|0x0000000084d00000, 0x0000000084e00000, 0x0000000084e00000|100%| O|  |TAMS 0x0000000084d00000, 0x0000000084d00000| Untracked 
|  78|0x0000000084e00000, 0x0000000084f00000, 0x0000000084f00000|100%| O|  |TAMS 0x0000000084e00000, 0x0000000084e00000| Untracked 
|  79|0x0000000084f00000, 0x0000000085000000, 0x0000000085000000|100%| O|  |TAMS 0x0000000084f00000, 0x0000000084f00000| Untracked 
|  80|0x0000000085000000, 0x0000000085100000, 0x0000000085100000|100%| O|  |TAMS 0x0000000085000000, 0x0000000085000000| Untracked 
|  81|0x0000000085100000, 0x0000000085200000, 0x0000000085200000|100%| O|  |TAMS 0x0000000085100000, 0x0000000085100000| Untracked 
|  82|0x0000000085200000, 0x0000000085300000, 0x0000000085300000|100%| O|  |TAMS 0x0000000085200000, 0x0000000085200000| Untracked 
|  83|0x0000000085300000, 0x0000000085400000, 0x0000000085400000|100%| O|  |TAMS 0x0000000085300000, 0x0000000085300000| Untracked 
|  84|0x0000000085400000, 0x0000000085500000, 0x0000000085500000|100%| O|  |TAMS 0x0000000085400000, 0x0000000085400000| Untracked 
|  85|0x0000000085500000, 0x0000000085600000, 0x0000000085600000|100%| O|  |TAMS 0x0000000085500000, 0x0000000085500000| Untracked 
|  86|0x0000000085600000, 0x0000000085700000, 0x0000000085700000|100%| O|  |TAMS 0x0000000085600000, 0x0000000085600000| Untracked 
|  87|0x0000000085700000, 0x0000000085800000, 0x0000000085800000|100%| O|  |TAMS 0x0000000085700000, 0x0000000085700000| Untracked 
|  88|0x0000000085800000, 0x0000000085900000, 0x0000000085900000|100%| O|  |TAMS 0x0000000085800000, 0x0000000085800000| Untracked 
|  89|0x0000000085900000, 0x0000000085a00000, 0x0000000085a00000|100%| O|  |TAMS 0x0000000085900000, 0x0000000085900000| Untracked 
|  90|0x0000000085a00000, 0x0000000085b00000, 0x0000000085b00000|100%| O|  |TAMS 0x0000000085a00000, 0x0000000085a00000| Untracked 
|  91|0x0000000085b00000, 0x0000000085c00000, 0x0000000085c00000|100%| O|  |TAMS 0x0000000085b00000, 0x0000000085b00000| Untracked 
|  92|0x0000000085c00000, 0x0000000085d00000, 0x0000000085d00000|100%| O|  |TAMS 0x0000000085c00000, 0x0000000085c00000| Untracked 
|  93|0x0000000085d00000, 0x0000000085e00000, 0x0000000085e00000|100%| O|  |TAMS 0x0000000085d00000, 0x0000000085d00000| Untracked 
|  94|0x0000000085e00000, 0x0000000085f00000, 0x0000000085f00000|100%| O|  |TAMS 0x0000000085e00000, 0x0000000085e00000| Untracked 
|  95|0x0000000085f00000, 0x0000000086000000, 0x0000000086000000|100%| O|  |TAMS 0x0000000085f00000, 0x0000000085f00000| Untracked 
|  96|0x0000000086000000, 0x0000000086100000, 0x0000000086100000|100%| O|  |TAMS 0x0000000086000000, 0x0000000086000000| Untracked 
|  97|0x0000000086100000, 0x0000000086200000, 0x0000000086200000|100%| O|  |TAMS 0x0000000086100000, 0x0000000086100000| Untracked 
|  98|0x0000000086200000, 0x0000000086300000, 0x0000000086300000|100%| O|  |TAMS 0x0000000086200000, 0x0000000086200000| Untracked 
|  99|0x0000000086300000, 0x0000000086400000, 0x0000000086400000|100%| O|  |TAMS 0x0000000086300000, 0x0000000086300000| Untracked 
| 100|0x0000000086400000, 0x0000000086500000, 0x0000000086500000|100%| O|  |TAMS 0x0000000086400000, 0x0000000086400000| Untracked 
| 101|0x0000000086500000, 0x0000000086600000, 0x0000000086600000|100%| O|  |TAMS 0x0000000086500000, 0x0000000086500000| Untracked 
| 102|0x0000000086600000, 0x0000000086700000, 0x0000000086700000|100%| O|  |TAMS 0x0000000086600000, 0x0000000086600000| Untracked 
| 103|0x0000000086700000, 0x0000000086700000, 0x0000000086800000|  0%| F|  |TAMS 0x0000000086700000, 0x0000000086700000| Untracked 
| 104|0x0000000086800000, 0x0000000086800000, 0x0000000086900000|  0%| F|  |TAMS 0x0000000086800000, 0x0000000086800000| Untracked 
| 105|0x0000000086900000, 0x0000000086900000, 0x0000000086a00000|  0%| F|  |TAMS 0x0000000086900000, 0x0000000086900000| Untracked 
| 106|0x0000000086a00000, 0x0000000086a00000, 0x0000000086b00000|  0%| F|  |TAMS 0x0000000086a00000, 0x0000000086a00000| Untracked 
| 107|0x0000000086b00000, 0x0000000086b00000, 0x0000000086c00000|  0%| F|  |TAMS 0x0000000086b00000, 0x0000000086b00000| Untracked 
| 108|0x0000000086c00000, 0x0000000086c00000, 0x0000000086d00000|  0%| F|  |TAMS 0x0000000086c00000, 0x0000000086c00000| Untracked 
| 109|0x0000000086d00000, 0x0000000086d00000, 0x0000000086e00000|  0%| F|  |TAMS 0x0000000086d00000, 0x0000000086d00000| Untracked 
| 110|0x0000000086e00000, 0x0000000086e00000, 0x0000000086f00000|  0%| F|  |TAMS 0x0000000086e00000, 0x0000000086e00000| Untracked 
| 111|0x0000000086f00000, 0x0000000086f00000, 0x0000000087000000|  0%| F|  |TAMS 0x0000000086f00000, 0x0000000086f00000| Untracked 
| 112|0x0000000087000000, 0x0000000087000000, 0x0000000087100000|  0%| F|  |TAMS 0x0000000087000000, 0x0000000087000000| Untracked 
| 113|0x0000000087100000, 0x0000000087100000, 0x0000000087200000|  0%| F|  |TAMS 0x0000000087100000, 0x0000000087100000| Untracked 
| 114|0x0000000087200000, 0x0000000087200000, 0x0000000087300000|  0%| F|  |TAMS 0x0000000087200000, 0x0000000087200000| Untracked 
| 115|0x0000000087300000, 0x0000000087300000, 0x0000000087400000|  0%| F|  |TAMS 0x0000000087300000, 0x0000000087300000| Untracked 
| 116|0x0000000087400000, 0x0000000087400000, 0x0000000087500000|  0%| F|  |TAMS 0x0000000087400000, 0x0000000087400000| Untracked 
| 117|0x0000000087500000, 0x0000000087500000, 0x0000000087600000|  0%| F|  |TAMS 0x0000000087500000, 0x0000000087500000| Untracked 
| 118|0x0000000087600000, 0x0000000087700000, 0x0000000087700000|100%| O|  |TAMS 0x0000000087600000, 0x0000000087600000| Untracked 
| 119|0x0000000087700000, 0x0000000087800000, 0x0000000087800000|100%| O|  |TAMS 0x0000000087700000, 0x0000000087700000| Untracked 
| 120|0x0000000087800000, 0x0000000087900000, 0x0000000087900000|100%| O|  |TAMS 0x0000000087800000, 0x0000000087800000| Untracked 
| 121|0x0000000087900000, 0x0000000087a00000, 0x0000000087a00000|100%| O|  |TAMS 0x0000000087900000, 0x0000000087900000| Untracked 
| 122|0x0000000087a00000, 0x0000000087a00000, 0x0000000087b00000|  0%| F|  |TAMS 0x0000000087a00000, 0x0000000087a00000| Untracked 
| 123|0x0000000087b00000, 0x0000000087b00000, 0x0000000087c00000|  0%| F|  |TAMS 0x0000000087b00000, 0x0000000087b00000| Untracked 
| 124|0x0000000087c00000, 0x0000000087c00000, 0x0000000087d00000|  0%| F|  |TAMS 0x0000000087c00000, 0x0000000087c00000| Untracked 
| 125|0x0000000087d00000, 0x0000000087d00000, 0x0000000087e00000|  0%| F|  |TAMS 0x0000000087d00000, 0x0000000087d00000| Untracked 
| 126|0x0000000087e00000, 0x0000000087e00000, 0x0000000087f00000|  0%| F|  |TAMS 0x0000000087e00000, 0x0000000087e00000| Untracked 
| 127|0x0000000087f00000, 0x0000000087f00000, 0x0000000088000000|  0%| F|  |TAMS 0x0000000087f00000, 0x0000000087f00000| Untracked 
| 128|0x0000000088000000, 0x0000000088000000, 0x0000000088100000|  0%| F|  |TAMS 0x0000000088000000, 0x0000000088000000| Untracked 
| 129|0x0000000088100000, 0x0000000088100000, 0x0000000088200000|  0%| F|  |TAMS 0x0000000088100000, 0x0000000088100000| Untracked 
| 130|0x0000000088200000, 0x0000000088200000, 0x0000000088300000|  0%| F|  |TAMS 0x0000000088200000, 0x0000000088200000| Untracked 
| 131|0x0000000088300000, 0x0000000088300000, 0x0000000088400000|  0%| F|  |TAMS 0x0000000088300000, 0x0000000088300000| Untracked 
| 132|0x0000000088400000, 0x0000000088400000, 0x0000000088500000|  0%| F|  |TAMS 0x0000000088400000, 0x0000000088400000| Untracked 
| 133|0x0000000088500000, 0x0000000088500000, 0x0000000088600000|  0%| F|  |TAMS 0x0000000088500000, 0x0000000088500000| Untracked 
| 134|0x0000000088600000, 0x0000000088600000, 0x0000000088700000|  0%| F|  |TAMS 0x0000000088600000, 0x0000000088600000| Untracked 
| 135|0x0000000088700000, 0x0000000088700000, 0x0000000088800000|  0%| F|  |TAMS 0x0000000088700000, 0x0000000088700000| Untracked 
| 136|0x0000000088800000, 0x0000000088800000, 0x0000000088900000|  0%| F|  |TAMS 0x0000000088800000, 0x0000000088800000| Untracked 
| 137|0x0000000088900000, 0x0000000088900000, 0x0000000088a00000|  0%| F|  |TAMS 0x0000000088900000, 0x0000000088900000| Untracked 
| 138|0x0000000088a00000, 0x0000000088a00000, 0x0000000088b00000|  0%| F|  |TAMS 0x0000000088a00000, 0x0000000088a00000| Untracked 
| 139|0x0000000088b00000, 0x0000000088b00000, 0x0000000088c00000|  0%| F|  |TAMS 0x0000000088b00000, 0x0000000088b00000| Untracked 
| 140|0x0000000088c00000, 0x0000000088c00000, 0x0000000088d00000|  0%| F|  |TAMS 0x0000000088c00000, 0x0000000088c00000| Untracked 
| 141|0x0000000088d00000, 0x0000000088d00000, 0x0000000088e00000|  0%| F|  |TAMS 0x0000000088d00000, 0x0000000088d00000| Untracked 
| 142|0x0000000088e00000, 0x0000000088e00000, 0x0000000088f00000|  0%| F|  |TAMS 0x0000000088e00000, 0x0000000088e00000| Untracked 
| 143|0x0000000088f00000, 0x0000000088f00000, 0x0000000089000000|  0%| F|  |TAMS 0x0000000088f00000, 0x0000000088f00000| Untracked 
| 144|0x0000000089000000, 0x0000000089000000, 0x0000000089100000|  0%| F|  |TAMS 0x0000000089000000, 0x0000000089000000| Untracked 
| 145|0x0000000089100000, 0x0000000089100000, 0x0000000089200000|  0%| F|  |TAMS 0x0000000089100000, 0x0000000089100000| Untracked 
| 146|0x0000000089200000, 0x0000000089200000, 0x0000000089300000|  0%| F|  |TAMS 0x0000000089200000, 0x0000000089200000| Untracked 
| 147|0x0000000089300000, 0x0000000089300000, 0x0000000089400000|  0%| F|  |TAMS 0x0000000089300000, 0x0000000089300000| Untracked 
| 148|0x0000000089400000, 0x0000000089400000, 0x0000000089500000|  0%| F|  |TAMS 0x0000000089400000, 0x0000000089400000| Untracked 
| 149|0x0000000089500000, 0x0000000089500000, 0x0000000089600000|  0%| F|  |TAMS 0x0000000089500000, 0x0000000089500000| Untracked 
| 150|0x0000000089600000, 0x0000000089600000, 0x0000000089700000|  0%| F|  |TAMS 0x0000000089600000, 0x0000000089600000| Untracked 
| 151|0x0000000089700000, 0x0000000089700000, 0x0000000089800000|  0%| F|  |TAMS 0x0000000089700000, 0x0000000089700000| Untracked 
| 152|0x0000000089800000, 0x0000000089800000, 0x0000000089900000|  0%| F|  |TAMS 0x0000000089800000, 0x0000000089800000| Untracked 
| 153|0x0000000089900000, 0x0000000089900000, 0x0000000089a00000|  0%| F|  |TAMS 0x0000000089900000, 0x0000000089900000| Untracked 
| 154|0x0000000089a00000, 0x0000000089a00000, 0x0000000089b00000|  0%| F|  |TAMS 0x0000000089a00000, 0x0000000089a00000| Untracked 
| 155|0x0000000089b00000, 0x0000000089b00000, 0x0000000089c00000|  0%| F|  |TAMS 0x0000000089b00000, 0x0000000089b00000| Untracked 
| 156|0x0000000089c00000, 0x0000000089c00000, 0x0000000089d00000|  0%| F|  |TAMS 0x0000000089c00000, 0x0000000089c00000| Untracked 
| 157|0x0000000089d00000, 0x0000000089d00000, 0x0000000089e00000|  0%| F|  |TAMS 0x0000000089d00000, 0x0000000089d00000| Untracked 
| 158|0x0000000089e00000, 0x0000000089e00000, 0x0000000089f00000|  0%| F|  |TAMS 0x0000000089e00000, 0x0000000089e00000| Untracked 
| 159|0x0000000089f00000, 0x0000000089f00000, 0x000000008a000000|  0%| F|  |TAMS 0x0000000089f00000, 0x0000000089f00000| Untracked 
| 160|0x000000008a000000, 0x000000008a000000, 0x000000008a100000|  0%| F|  |TAMS 0x000000008a000000, 0x000000008a000000| Untracked 
| 161|0x000000008a100000, 0x000000008a100000, 0x000000008a200000|  0%| F|  |TAMS 0x000000008a100000, 0x000000008a100000| Untracked 
| 162|0x000000008a200000, 0x000000008a200000, 0x000000008a300000|  0%| F|  |TAMS 0x000000008a200000, 0x000000008a200000| Untracked 
| 163|0x000000008a300000, 0x000000008a300000, 0x000000008a400000|  0%| F|  |TAMS 0x000000008a300000, 0x000000008a300000| Untracked 
| 164|0x000000008a400000, 0x000000008a400000, 0x000000008a500000|  0%| F|  |TAMS 0x000000008a400000, 0x000000008a400000| Untracked 
| 165|0x000000008a500000, 0x000000008a500000, 0x000000008a600000|  0%| F|  |TAMS 0x000000008a500000, 0x000000008a500000| Untracked 
| 166|0x000000008a600000, 0x000000008a600000, 0x000000008a700000|  0%| F|  |TAMS 0x000000008a600000, 0x000000008a600000| Untracked 
| 167|0x000000008a700000, 0x000000008a700000, 0x000000008a800000|  0%| F|  |TAMS 0x000000008a700000, 0x000000008a700000| Untracked 
| 168|0x000000008a800000, 0x000000008a800000, 0x000000008a900000|  0%| F|  |TAMS 0x000000008a800000, 0x000000008a800000| Untracked 
| 169|0x000000008a900000, 0x000000008a900000, 0x000000008aa00000|  0%| F|  |TAMS 0x000000008a900000, 0x000000008a900000| Untracked 
| 170|0x000000008aa00000, 0x000000008aa00000, 0x000000008ab00000|  0%| F|  |TAMS 0x000000008aa00000, 0x000000008aa00000| Untracked 
| 171|0x000000008ab00000, 0x000000008ab00000, 0x000000008ac00000|  0%| F|  |TAMS 0x000000008ab00000, 0x000000008ab00000| Untracked 
| 172|0x000000008ac00000, 0x000000008ac00000, 0x000000008ad00000|  0%| F|  |TAMS 0x000000008ac00000, 0x000000008ac00000| Untracked 
| 173|0x000000008ad00000, 0x000000008ad00000, 0x000000008ae00000|  0%| F|  |TAMS 0x000000008ad00000, 0x000000008ad00000| Untracked 
| 174|0x000000008ae00000, 0x000000008ae00000, 0x000000008af00000|  0%| F|  |TAMS 0x000000008ae00000, 0x000000008ae00000| Untracked 
| 175|0x000000008af00000, 0x000000008af00000, 0x000000008b000000|  0%| F|  |TAMS 0x000000008af00000, 0x000000008af00000| Untracked 
| 176|0x000000008b000000, 0x000000008b000000, 0x000000008b100000|  0%| F|  |TAMS 0x000000008b000000, 0x000000008b000000| Untracked 
| 177|0x000000008b100000, 0x000000008b100000, 0x000000008b200000|  0%| F|  |TAMS 0x000000008b100000, 0x000000008b100000| Untracked 
| 178|0x000000008b200000, 0x000000008b200000, 0x000000008b300000|  0%| F|  |TAMS 0x000000008b200000, 0x000000008b200000| Untracked 
| 179|0x000000008b300000, 0x000000008b300000, 0x000000008b400000|  0%| F|  |TAMS 0x000000008b300000, 0x000000008b300000| Untracked 
| 180|0x000000008b400000, 0x000000008b400000, 0x000000008b500000|  0%| F|  |TAMS 0x000000008b400000, 0x000000008b400000| Untracked 
| 181|0x000000008b500000, 0x000000008b500000, 0x000000008b600000|  0%| F|  |TAMS 0x000000008b500000, 0x000000008b500000| Untracked 
| 182|0x000000008b600000, 0x000000008b600000, 0x000000008b700000|  0%| F|  |TAMS 0x000000008b600000, 0x000000008b600000| Untracked 
| 183|0x000000008b700000, 0x000000008b700000, 0x000000008b800000|  0%| F|  |TAMS 0x000000008b700000, 0x000000008b700000| Untracked 
| 184|0x000000008b800000, 0x000000008b800000, 0x000000008b900000|  0%| F|  |TAMS 0x000000008b800000, 0x000000008b800000| Untracked 
| 185|0x000000008b900000, 0x000000008b900000, 0x000000008ba00000|  0%| F|  |TAMS 0x000000008b900000, 0x000000008b900000| Untracked 
| 186|0x000000008ba00000, 0x000000008ba00000, 0x000000008bb00000|  0%| F|  |TAMS 0x000000008ba00000, 0x000000008ba00000| Untracked 
| 187|0x000000008bb00000, 0x000000008bb00000, 0x000000008bc00000|  0%| F|  |TAMS 0x000000008bb00000, 0x000000008bb00000| Untracked 
| 188|0x000000008bc00000, 0x000000008bc00000, 0x000000008bd00000|  0%| F|  |TAMS 0x000000008bc00000, 0x000000008bc00000| Untracked 
| 189|0x000000008bd00000, 0x000000008bd00000, 0x000000008be00000|  0%| F|  |TAMS 0x000000008bd00000, 0x000000008bd00000| Untracked 
| 190|0x000000008be00000, 0x000000008be00000, 0x000000008bf00000|  0%| F|  |TAMS 0x000000008be00000, 0x000000008be00000| Untracked 
| 191|0x000000008bf00000, 0x000000008bf00000, 0x000000008c000000|  0%| F|  |TAMS 0x000000008bf00000, 0x000000008bf00000| Untracked 
| 192|0x000000008c000000, 0x000000008c000000, 0x000000008c100000|  0%| F|  |TAMS 0x000000008c000000, 0x000000008c000000| Untracked 
| 193|0x000000008c100000, 0x000000008c100000, 0x000000008c200000|  0%| F|  |TAMS 0x000000008c100000, 0x000000008c100000| Untracked 
| 194|0x000000008c200000, 0x000000008c200000, 0x000000008c300000|  0%| F|  |TAMS 0x000000008c200000, 0x000000008c200000| Untracked 
| 195|0x000000008c300000, 0x000000008c300000, 0x000000008c400000|  0%| F|  |TAMS 0x000000008c300000, 0x000000008c300000| Untracked 
| 196|0x000000008c400000, 0x000000008c400000, 0x000000008c500000|  0%| F|  |TAMS 0x000000008c400000, 0x000000008c400000| Untracked 
| 197|0x000000008c500000, 0x000000008c500000, 0x000000008c600000|  0%| F|  |TAMS 0x000000008c500000, 0x000000008c500000| Untracked 
| 198|0x000000008c600000, 0x000000008c600000, 0x000000008c700000|  0%| F|  |TAMS 0x000000008c600000, 0x000000008c600000| Untracked 
| 199|0x000000008c700000, 0x000000008c700000, 0x000000008c800000|  0%| F|  |TAMS 0x000000008c700000, 0x000000008c700000| Untracked 
| 200|0x000000008c800000, 0x000000008c800000, 0x000000008c900000|  0%| F|  |TAMS 0x000000008c800000, 0x000000008c800000| Untracked 
| 201|0x000000008c900000, 0x000000008c900000, 0x000000008ca00000|  0%| F|  |TAMS 0x000000008c900000, 0x000000008c900000| Untracked 
| 202|0x000000008ca00000, 0x000000008ca00000, 0x000000008cb00000|  0%| F|  |TAMS 0x000000008ca00000, 0x000000008ca00000| Untracked 
| 203|0x000000008cb00000, 0x000000008cb00000, 0x000000008cc00000|  0%| F|  |TAMS 0x000000008cb00000, 0x000000008cb00000| Untracked 
| 204|0x000000008cc00000, 0x000000008cc00000, 0x000000008cd00000|  0%| F|  |TAMS 0x000000008cc00000, 0x000000008cc00000| Untracked 
| 205|0x000000008cd00000, 0x000000008cd00000, 0x000000008ce00000|  0%| F|  |TAMS 0x000000008cd00000, 0x000000008cd00000| Untracked 
| 206|0x000000008ce00000, 0x000000008ce00000, 0x000000008cf00000|  0%| F|  |TAMS 0x000000008ce00000, 0x000000008ce00000| Untracked 
| 207|0x000000008cf00000, 0x000000008cf00000, 0x000000008d000000|  0%| F|  |TAMS 0x000000008cf00000, 0x000000008cf00000| Untracked 
| 208|0x000000008d000000, 0x000000008d0704b0, 0x000000008d100000| 43%| S|CS|TAMS 0x000000008d000000, 0x000000008d000000| Complete 
| 209|0x000000008d100000, 0x000000008d200000, 0x000000008d200000|100%| S|CS|TAMS 0x000000008d100000, 0x000000008d100000| Complete 
| 210|0x000000008d200000, 0x000000008d300000, 0x000000008d300000|100%| S|CS|TAMS 0x000000008d200000, 0x000000008d200000| Complete 
| 211|0x000000008d300000, 0x000000008d400000, 0x000000008d400000|100%| S|CS|TAMS 0x000000008d300000, 0x000000008d300000| Complete 
| 212|0x000000008d400000, 0x000000008d400000, 0x000000008d500000|  0%| F|  |TAMS 0x000000008d400000, 0x000000008d400000| Untracked 
| 213|0x000000008d500000, 0x000000008d500000, 0x000000008d600000|  0%| F|  |TAMS 0x000000008d500000, 0x000000008d500000| Untracked 
| 214|0x000000008d600000, 0x000000008d600000, 0x000000008d700000|  0%| F|  |TAMS 0x000000008d600000, 0x000000008d600000| Untracked 
| 215|0x000000008d700000, 0x000000008d700000, 0x000000008d800000|  0%| F|  |TAMS 0x000000008d700000, 0x000000008d700000| Untracked 
| 216|0x000000008d800000, 0x000000008d800000, 0x000000008d900000|  0%| F|  |TAMS 0x000000008d800000, 0x000000008d800000| Untracked 
| 217|0x000000008d900000, 0x000000008d900000, 0x000000008da00000|  0%| F|  |TAMS 0x000000008d900000, 0x000000008d900000| Untracked 
| 218|0x000000008da00000, 0x000000008da00000, 0x000000008db00000|  0%| F|  |TAMS 0x000000008da00000, 0x000000008da00000| Untracked 
| 219|0x000000008db00000, 0x000000008db00000, 0x000000008dc00000|  0%| F|  |TAMS 0x000000008db00000, 0x000000008db00000| Untracked 
| 220|0x000000008dc00000, 0x000000008dc00000, 0x000000008dd00000|  0%| F|  |TAMS 0x000000008dc00000, 0x000000008dc00000| Untracked 
| 221|0x000000008dd00000, 0x000000008dd00000, 0x000000008de00000|  0%| F|  |TAMS 0x000000008dd00000, 0x000000008dd00000| Untracked 
| 222|0x000000008de00000, 0x000000008de00000, 0x000000008df00000|  0%| F|  |TAMS 0x000000008de00000, 0x000000008de00000| Untracked 
| 223|0x000000008df00000, 0x000000008df00000, 0x000000008e000000|  0%| F|  |TAMS 0x000000008df00000, 0x000000008df00000| Untracked 
| 224|0x000000008e000000, 0x000000008e000000, 0x000000008e100000|  0%| F|  |TAMS 0x000000008e000000, 0x000000008e000000| Untracked 
| 225|0x000000008e100000, 0x000000008e100000, 0x000000008e200000|  0%| F|  |TAMS 0x000000008e100000, 0x000000008e100000| Untracked 
| 226|0x000000008e200000, 0x000000008e200000, 0x000000008e300000|  0%| F|  |TAMS 0x000000008e200000, 0x000000008e200000| Untracked 
| 227|0x000000008e300000, 0x000000008e300000, 0x000000008e400000|  0%| F|  |TAMS 0x000000008e300000, 0x000000008e300000| Untracked 
| 228|0x000000008e400000, 0x000000008e400000, 0x000000008e500000|  0%| F|  |TAMS 0x000000008e400000, 0x000000008e400000| Untracked 
| 229|0x000000008e500000, 0x000000008e500000, 0x000000008e600000|  0%| F|  |TAMS 0x000000008e500000, 0x000000008e500000| Untracked 
| 230|0x000000008e600000, 0x000000008e600000, 0x000000008e700000|  0%| F|  |TAMS 0x000000008e600000, 0x000000008e600000| Untracked 
| 231|0x000000008e700000, 0x000000008e700000, 0x000000008e800000|  0%| F|  |TAMS 0x000000008e700000, 0x000000008e700000| Untracked 
| 232|0x000000008e800000, 0x000000008e800000, 0x000000008e900000|  0%| F|  |TAMS 0x000000008e800000, 0x000000008e800000| Untracked 
| 233|0x000000008e900000, 0x000000008e900000, 0x000000008ea00000|  0%| F|  |TAMS 0x000000008e900000, 0x000000008e900000| Untracked 
| 234|0x000000008ea00000, 0x000000008ea00000, 0x000000008eb00000|  0%| F|  |TAMS 0x000000008ea00000, 0x000000008ea00000| Untracked 
| 235|0x000000008eb00000, 0x000000008eb00000, 0x000000008ec00000|  0%| F|  |TAMS 0x000000008eb00000, 0x000000008eb00000| Untracked 
| 236|0x000000008ec00000, 0x000000008ec00000, 0x000000008ed00000|  0%| F|  |TAMS 0x000000008ec00000, 0x000000008ec00000| Untracked 
| 237|0x000000008ed00000, 0x000000008ed00000, 0x000000008ee00000|  0%| F|  |TAMS 0x000000008ed00000, 0x000000008ed00000| Untracked 
| 238|0x000000008ee00000, 0x000000008ee00000, 0x000000008ef00000|  0%| F|  |TAMS 0x000000008ee00000, 0x000000008ee00000| Untracked 
| 239|0x000000008ef00000, 0x000000008ef00000, 0x000000008f000000|  0%| F|  |TAMS 0x000000008ef00000, 0x000000008ef00000| Untracked 
| 240|0x000000008f000000, 0x000000008f000000, 0x000000008f100000|  0%| F|  |TAMS 0x000000008f000000, 0x000000008f000000| Untracked 
| 241|0x000000008f100000, 0x000000008f100000, 0x000000008f200000|  0%| F|  |TAMS 0x000000008f100000, 0x000000008f100000| Untracked 
| 242|0x000000008f200000, 0x000000008f200000, 0x000000008f300000|  0%| F|  |TAMS 0x000000008f200000, 0x000000008f200000| Untracked 
| 243|0x000000008f300000, 0x000000008f300000, 0x000000008f400000|  0%| F|  |TAMS 0x000000008f300000, 0x000000008f300000| Untracked 
| 244|0x000000008f400000, 0x000000008f400000, 0x000000008f500000|  0%| F|  |TAMS 0x000000008f400000, 0x000000008f400000| Untracked 
| 245|0x000000008f500000, 0x000000008f500000, 0x000000008f600000|  0%| F|  |TAMS 0x000000008f500000, 0x000000008f500000| Untracked 
| 246|0x000000008f600000, 0x000000008f600000, 0x000000008f700000|  0%| F|  |TAMS 0x000000008f600000, 0x000000008f600000| Untracked 
| 247|0x000000008f700000, 0x000000008f700000, 0x000000008f800000|  0%| F|  |TAMS 0x000000008f700000, 0x000000008f700000| Untracked 
| 248|0x000000008f800000, 0x000000008f800000, 0x000000008f900000|  0%| F|  |TAMS 0x000000008f800000, 0x000000008f800000| Untracked 
| 249|0x000000008f900000, 0x000000008f900000, 0x000000008fa00000|  0%| F|  |TAMS 0x000000008f900000, 0x000000008f900000| Untracked 
| 250|0x000000008fa00000, 0x000000008fa00000, 0x000000008fb00000|  0%| F|  |TAMS 0x000000008fa00000, 0x000000008fa00000| Untracked 
| 251|0x000000008fb00000, 0x000000008fb00000, 0x000000008fc00000|  0%| F|  |TAMS 0x000000008fb00000, 0x000000008fb00000| Untracked 
| 252|0x000000008fc00000, 0x000000008fc00000, 0x000000008fd00000|  0%| F|  |TAMS 0x000000008fc00000, 0x000000008fc00000| Untracked 
| 253|0x000000008fd00000, 0x000000008fd00000, 0x000000008fe00000|  0%| F|  |TAMS 0x000000008fd00000, 0x000000008fd00000| Untracked 
| 254|0x000000008fe00000, 0x000000008fe00000, 0x000000008ff00000|  0%| F|  |TAMS 0x000000008fe00000, 0x000000008fe00000| Untracked 
| 255|0x000000008ff00000, 0x000000008ff00000, 0x0000000090000000|  0%| F|  |TAMS 0x000000008ff00000, 0x000000008ff00000| Untracked 
| 256|0x0000000090000000, 0x0000000090000000, 0x0000000090100000|  0%| F|  |TAMS 0x0000000090000000, 0x0000000090000000| Untracked 
| 257|0x0000000090100000, 0x0000000090100000, 0x0000000090200000|  0%| F|  |TAMS 0x0000000090100000, 0x0000000090100000| Untracked 
| 258|0x0000000090200000, 0x0000000090200000, 0x0000000090300000|  0%| F|  |TAMS 0x0000000090200000, 0x0000000090200000| Untracked 
| 259|0x0000000090300000, 0x0000000090300000, 0x0000000090400000|  0%| F|  |TAMS 0x0000000090300000, 0x0000000090300000| Untracked 
| 260|0x0000000090400000, 0x0000000090400000, 0x0000000090500000|  0%| F|  |TAMS 0x0000000090400000, 0x0000000090400000| Untracked 
| 261|0x0000000090500000, 0x0000000090500000, 0x0000000090600000|  0%| F|  |TAMS 0x0000000090500000, 0x0000000090500000| Untracked 
| 262|0x0000000090600000, 0x0000000090600000, 0x0000000090700000|  0%| F|  |TAMS 0x0000000090600000, 0x0000000090600000| Untracked 
| 263|0x0000000090700000, 0x0000000090700000, 0x0000000090800000|  0%| F|  |TAMS 0x0000000090700000, 0x0000000090700000| Untracked 
| 264|0x0000000090800000, 0x0000000090800000, 0x0000000090900000|  0%| F|  |TAMS 0x0000000090800000, 0x0000000090800000| Untracked 
| 265|0x0000000090900000, 0x0000000090900000, 0x0000000090a00000|  0%| F|  |TAMS 0x0000000090900000, 0x0000000090900000| Untracked 
| 266|0x0000000090a00000, 0x0000000090a00000, 0x0000000090b00000|  0%| F|  |TAMS 0x0000000090a00000, 0x0000000090a00000| Untracked 
| 267|0x0000000090b00000, 0x0000000090b00000, 0x0000000090c00000|  0%| F|  |TAMS 0x0000000090b00000, 0x0000000090b00000| Untracked 
| 268|0x0000000090c00000, 0x0000000090c00000, 0x0000000090d00000|  0%| F|  |TAMS 0x0000000090c00000, 0x0000000090c00000| Untracked 
| 269|0x0000000090d00000, 0x0000000090d00000, 0x0000000090e00000|  0%| F|  |TAMS 0x0000000090d00000, 0x0000000090d00000| Untracked 
| 270|0x0000000090e00000, 0x0000000090e00000, 0x0000000090f00000|  0%| F|  |TAMS 0x0000000090e00000, 0x0000000090e00000| Untracked 
| 271|0x0000000090f00000, 0x0000000090f00000, 0x0000000091000000|  0%| F|  |TAMS 0x0000000090f00000, 0x0000000090f00000| Untracked 
| 272|0x0000000091000000, 0x0000000091000000, 0x0000000091100000|  0%| F|  |TAMS 0x0000000091000000, 0x0000000091000000| Untracked 
| 273|0x0000000091100000, 0x0000000091100000, 0x0000000091200000|  0%| F|  |TAMS 0x0000000091100000, 0x0000000091100000| Untracked 
| 274|0x0000000091200000, 0x0000000091200000, 0x0000000091300000|  0%| F|  |TAMS 0x0000000091200000, 0x0000000091200000| Untracked 
| 275|0x0000000091300000, 0x0000000091300000, 0x0000000091400000|  0%| F|  |TAMS 0x0000000091300000, 0x0000000091300000| Untracked 
| 276|0x0000000091400000, 0x0000000091400000, 0x0000000091500000|  0%| F|  |TAMS 0x0000000091400000, 0x0000000091400000| Untracked 
| 277|0x0000000091500000, 0x0000000091500000, 0x0000000091600000|  0%| F|  |TAMS 0x0000000091500000, 0x0000000091500000| Untracked 
| 278|0x0000000091600000, 0x0000000091600000, 0x0000000091700000|  0%| F|  |TAMS 0x0000000091600000, 0x0000000091600000| Untracked 
| 279|0x0000000091700000, 0x0000000091700000, 0x0000000091800000|  0%| F|  |TAMS 0x0000000091700000, 0x0000000091700000| Untracked 
| 280|0x0000000091800000, 0x0000000091800000, 0x0000000091900000|  0%| F|  |TAMS 0x0000000091800000, 0x0000000091800000| Untracked 
| 281|0x0000000091900000, 0x0000000091900000, 0x0000000091a00000|  0%| F|  |TAMS 0x0000000091900000, 0x0000000091900000| Untracked 

Card table byte_map: [0x00000277a16e0000,0x00000277a1ae0000] _byte_map_base: 0x00000277a12e0000

Marking Bits (Prev, Next): (CMBitMap*) 0x000002778d073760, (CMBitMap*) 0x000002778d073720
 Prev Bits: [0x00000277a3ee0000, 0x00000277a5ee0000)
 Next Bits: [0x00000277a1ee0000, 0x00000277a3ee0000)

Polling page: 0x000002778cec0000

Metaspace:

Usage:
  Non-class:     87.28 MB used.
      Class:     13.50 MB used.
       Both:    100.78 MB used.

Virtual space:
  Non-class space:       88.00 MB reserved,      87.62 MB (>99%) committed,  11 nodes.
      Class space:        1.00 GB reserved,      13.81 MB (  1%) committed,  1 nodes.
             Both:        1.09 GB reserved,     101.44 MB (  9%) committed. 

Chunk freelists:
   Non-Class:  160.00 KB
       Class:  2.19 MB
        Both:  2.34 MB

MaxMetaspaceSize: unlimited
CompressedClassSpaceSize: 1.00 GB
Initial GC threshold: 21.00 MB
Current GC threshold: 139.06 MB
CDS: off
MetaspaceReclaimPolicy: balanced
 - commit_granule_bytes: 65536.
 - commit_granule_words: 8192.
 - virtual_space_node_default_size: 1048576.
 - enlarge_chunks_in_place: 1.
 - new_chunks_are_fully_committed: 0.
 - uncommit_free_chunks: 1.
 - use_allocation_guard: 0.
 - handle_deallocations: 1.


Internal statistics:

num_allocs_failed_limit: 6.
num_arena_births: 1058.
num_arena_deaths: 0.
num_vsnodes_births: 12.
num_vsnodes_deaths: 0.
num_space_committed: 1622.
num_space_uncommitted: 0.
num_chunks_returned_to_freelist: 6.
num_chunks_taken_from_freelist: 4851.
num_chunk_merges: 6.
num_chunk_splits: 3242.
num_chunks_enlarged: 2232.
num_purges: 0.
num_inconsistent_stats: 0.

CodeHeap 'non-profiled nmethods': size=120000Kb used=6232Kb max_used=6232Kb free=113767Kb
 bounds [0x0000027799790000, 0x0000027799db0000, 0x00000277a0cc0000]
CodeHeap 'profiled nmethods': size=120000Kb used=20171Kb max_used=20171Kb free=99828Kb
 bounds [0x0000027791cc0000, 0x0000027793080000, 0x00000277991f0000]
CodeHeap 'non-nmethods': size=5760Kb used=2412Kb max_used=2456Kb free=3347Kb
 bounds [0x00000277991f0000, 0x0000027799470000, 0x0000027799790000]
 total_blobs=11318 nmethods=10379 adapters=850
 compilation: enabled
              stopped_count=0, restarted_count=0
 full_count=0

Compilation events (20 events):
Event: 98.569 Thread 0x00000277a9015600 nmethod 11935 0x0000027792365d90 code [0x0000027792365fa0, 0x00000277923665d8]
Event: 98.575 Thread 0x00000277a9015600 11936       3       com.google.common.io.CountingOutputStream::write (22 bytes)
Event: 98.576 Thread 0x00000277a9015600 nmethod 11936 0x0000027792363b90 code [0x0000027792363d40, 0x0000027792363f28]
Event: 98.577 Thread 0x00000277a9014b60 11937       4       java.util.ArrayList$ArrayListSpliterator::tryAdvance (79 bytes)
Event: 98.580 Thread 0x00000277a9014b60 nmethod 11937 0x0000027799da5a10 code [0x0000027799da5ba0, 0x0000027799da5d18]
Event: 98.585 Thread 0x00000277a9015600 11938       3       com.sun.org.apache.xerces.internal.impl.XMLEntityScanner::checkLimit (256 bytes)
Event: 98.588 Thread 0x00000277a9015600 nmethod 11938 0x0000027793073790 code [0x0000027793073c80, 0x0000027793076c28]
Event: 98.588 Thread 0x00000277a9015600 11939       3       com.sun.org.apache.xerces.internal.impl.XMLEntityScanner::skipSpaces (362 bytes)
Event: 98.589 Thread 0x00000277a9015600 nmethod 11939 0x0000027792159490 code [0x0000027792159700, 0x000002779215a2e8]
Event: 98.589 Thread 0x00000277a9015600 11940       3       com.sun.org.apache.xerces.internal.utils.XMLLimitAnalyzer::addValue (260 bytes)
Event: 98.591 Thread 0x00000277a9015600 nmethod 11940 0x00000277923fd510 code [0x00000277923fd840, 0x00000277923fecc8]
Event: 98.591 Thread 0x00000277a9015600 11941       3       org.gradle.internal.snapshot.SnapshotUtil$2::handleAsAncestorOfChild (10 bytes)
Event: 98.591 Thread 0x00000277a9015600 nmethod 11941 0x0000027792344490 code [0x0000027792344680, 0x0000027792344c28]
Event: 98.591 Thread 0x00000277a9015600 11942       3       org.gradle.internal.snapshot.SnapshotUtil$2::handleAsAncestorOfChild (5 bytes)
Event: 98.591 Thread 0x00000277a9015600 nmethod 11942 0x0000027792343d10 code [0x0000027792343ee0, 0x0000027792344308]
Event: 98.597 Thread 0x00000277a9015600 11943       3       com.sun.org.apache.xerces.internal.util.SymbolTable::addSymbol (110 bytes)
Event: 98.598 Thread 0x00000277a9015600 nmethod 11943 0x0000027792343410 code [0x0000027792343600, 0x0000027792343a98]
Event: 98.598 Thread 0x00000277a9015600 11944       1       com.google.protobuf.GeneratedMessageV3$Builder::getUnknownFields (5 bytes)
Event: 98.598 Thread 0x00000277a9015600 nmethod 11944 0x0000027799da5f10 code [0x0000027799da60a0, 0x0000027799da6178]
Event: 98.604 Thread 0x00000277a9015600 11945       3       com.sun.org.apache.xerces.internal.impl.XMLEntityScanner::skipChar (142 bytes)

GC Heap History (20 events):
Event: 70.502 GC heap after
{Heap after GC invocations=51 (full 0):
 garbage-first heap   total 114688K, used 67613K [0x0000000080000000, 0x0000000100000000)
  region size 1024K, 2 young (2048K), 2 survivors (2048K)
 Metaspace       used 78724K, committed 79296K, reserved 1122304K
  class space    used 10378K, committed 10688K, reserved 1048576K
}
Event: 73.202 GC heap before
{Heap before GC invocations=52 (full 0):
 garbage-first heap   total 117760K, used 93213K [0x0000000080000000, 0x0000000100000000)
  region size 1024K, 26 young (26624K), 2 survivors (2048K)
 Metaspace       used 81672K, committed 82304K, reserved 1122304K
  class space    used 10950K, committed 11264K, reserved 1048576K
}
Event: 73.213 GC heap after
{Heap after GC invocations=53 (full 0):
 garbage-first heap   total 117760K, used 68649K [0x0000000080000000, 0x0000000100000000)
  region size 1024K, 3 young (3072K), 3 survivors (3072K)
 Metaspace       used 81672K, committed 82304K, reserved 1122304K
  class space    used 10950K, committed 11264K, reserved 1048576K
}
Event: 73.333 GC heap before
{Heap before GC invocations=53 (full 0):
 garbage-first heap   total 117760K, used 69673K [0x0000000080000000, 0x0000000100000000)
  region size 1024K, 5 young (5120K), 3 survivors (3072K)
 Metaspace       used 81927K, committed 82496K, reserved 1122304K
  class space    used 10990K, committed 11264K, reserved 1048576K
}
Event: 73.361 GC heap after
{Heap after GC invocations=54 (full 0):
 garbage-first heap   total 117760K, used 68635K [0x0000000080000000, 0x0000000100000000)
  region size 1024K, 1 young (1024K), 1 survivors (1024K)
 Metaspace       used 81927K, committed 82496K, reserved 1122304K
  class space    used 10990K, committed 11264K, reserved 1048576K
}
Event: 74.668 GC heap before
{Heap before GC invocations=54 (full 0):
 garbage-first heap   total 117760K, used 95259K [0x0000000080000000, 0x0000000100000000)
  region size 1024K, 27 young (27648K), 1 survivors (1024K)
 Metaspace       used 84667K, committed 85184K, reserved 1130496K
  class space    used 11384K, committed 11648K, reserved 1048576K
}
Event: 74.680 GC heap after
{Heap after GC invocations=55 (full 0):
 garbage-first heap   total 288768K, used 70092K [0x0000000080000000, 0x0000000100000000)
  region size 1024K, 2 young (2048K), 2 survivors (2048K)
 Metaspace       used 84667K, committed 85184K, reserved 1130496K
  class space    used 11384K, committed 11648K, reserved 1048576K
}
Event: 82.196 GC heap before
{Heap before GC invocations=56 (full 0):
 garbage-first heap   total 242688K, used 185804K [0x0000000080000000, 0x0000000100000000)
  region size 1024K, 115 young (117760K), 2 survivors (2048K)
 Metaspace       used 94456K, committed 95040K, reserved 1138688K
  class space    used 12779K, committed 13056K, reserved 1048576K
}
Event: 82.326 GC heap after
{Heap after GC invocations=57 (full 0):
 garbage-first heap   total 242688K, used 81420K [0x0000000080000000, 0x0000000100000000)
  region size 1024K, 13 young (13312K), 13 survivors (13312K)
 Metaspace       used 94456K, committed 95040K, reserved 1138688K
  class space    used 12779K, committed 13056K, reserved 1048576K
}
Event: 82.338 GC heap before
{Heap before GC invocations=57 (full 0):
 garbage-first heap   total 242688K, used 82444K [0x0000000080000000, 0x0000000100000000)
  region size 1024K, 14 young (14336K), 13 survivors (13312K)
 Metaspace       used 94457K, committed 95040K, reserved 1138688K
  class space    used 12779K, committed 13056K, reserved 1048576K
}
Event: 82.623 GC heap after
{Heap after GC invocations=58 (full 0):
 garbage-first heap   total 242688K, used 82772K [0x0000000080000000, 0x0000000100000000)
  region size 1024K, 2 young (2048K), 2 survivors (2048K)
 Metaspace       used 94457K, committed 95040K, reserved 1138688K
  class space    used 12779K, committed 13056K, reserved 1048576K
}
Event: 91.234 GC heap before
{Heap before GC invocations=58 (full 0):
 garbage-first heap   total 242688K, used 148308K [0x0000000080000000, 0x0000000100000000)
  region size 1024K, 66 young (67584K), 2 survivors (2048K)
 Metaspace       used 97821K, committed 98432K, reserved 1138688K
  class space    used 13174K, committed 13440K, reserved 1048576K
}
Event: 91.727 GC heap after
{Heap after GC invocations=59 (full 0):
 garbage-first heap   total 242688K, used 91617K [0x0000000080000000, 0x0000000100000000)
  region size 1024K, 9 young (9216K), 9 survivors (9216K)
 Metaspace       used 97821K, committed 98432K, reserved 1138688K
  class space    used 13174K, committed 13440K, reserved 1048576K
}
Event: 91.943 GC heap before
{Heap before GC invocations=59 (full 0):
 garbage-first heap   total 242688K, used 92641K [0x0000000080000000, 0x0000000100000000)
  region size 1024K, 11 young (11264K), 9 survivors (9216K)
 Metaspace       used 97823K, committed 98432K, reserved 1138688K
  class space    used 13174K, committed 13440K, reserved 1048576K
}
Event: 92.106 GC heap after
{Heap after GC invocations=60 (full 0):
 garbage-first heap   total 242688K, used 93126K [0x0000000080000000, 0x0000000100000000)
  region size 1024K, 2 young (2048K), 2 survivors (2048K)
 Metaspace       used 97823K, committed 98432K, reserved 1138688K
  class space    used 13174K, committed 13440K, reserved 1048576K
}
Event: 95.909 GC heap before
{Heap before GC invocations=60 (full 0):
 garbage-first heap   total 242688K, used 147398K [0x0000000080000000, 0x0000000100000000)
  region size 1024K, 54 young (55296K), 2 survivors (2048K)
 Metaspace       used 100854K, committed 101568K, reserved 1138688K
  class space    used 13583K, committed 13952K, reserved 1048576K
}
Event: 95.964 GC heap after
{Heap after GC invocations=61 (full 0):
 garbage-first heap   total 242688K, used 101746K [0x0000000080000000, 0x0000000100000000)
  region size 1024K, 7 young (7168K), 7 survivors (7168K)
 Metaspace       used 100854K, committed 101568K, reserved 1138688K
  class space    used 13583K, committed 13952K, reserved 1048576K
}
Event: 96.886 GC heap before
{Heap before GC invocations=61 (full 0):
 garbage-first heap   total 242688K, used 121202K [0x0000000080000000, 0x0000000100000000)
  region size 1024K, 27 young (27648K), 7 survivors (7168K)
 Metaspace       used 101361K, committed 102080K, reserved 1138688K
  class space    used 13630K, committed 14016K, reserved 1048576K
}
Event: 96.986 GC heap after
{Heap after GC invocations=62 (full 0):
 garbage-first heap   total 242688K, used 109366K [0x0000000080000000, 0x0000000100000000)
  region size 1024K, 4 young (4096K), 4 survivors (4096K)
 Metaspace       used 101361K, committed 102080K, reserved 1138688K
  class space    used 13630K, committed 14016K, reserved 1048576K
}
Event: 98.618 GC heap before
{Heap before GC invocations=62 (full 0):
 garbage-first heap   total 242688K, used 145206K [0x0000000080000000, 0x0000000100000000)
  region size 1024K, 25 young (25600K), 4 survivors (4096K)
 Metaspace       used 103200K, committed 103872K, reserved 1138688K
  class space    used 13828K, committed 14144K, reserved 1048576K
}

Dll operation events (2 events):
Event: 0.106 Loaded shared library C:\Program Files\Android\Android Studio\jbr\bin\java.dll
Event: 8.342 Loaded shared library C:\Program Files\Android\Android Studio\jbr\bin\verify.dll

Deoptimization events (20 events):
Event: 98.163 Thread 0x00000277ab9b7de0 DEOPT PACKING pc=0x0000027799871668 sp=0x000000a7598fa8c0
Event: 98.163 Thread 0x00000277ab9b7de0 DEOPT UNPACKING pc=0x000002779924a1a3 sp=0x000000a7598fa840 mode 2
Event: 98.402 Thread 0x00000277ab9bc610 Uncommon trap: trap_request=0xffffff45 fr.pc=0x00000277997e3238 relative=0x0000000000000558
Event: 98.402 Thread 0x00000277ab9bc610 Uncommon trap: reason=unstable_if action=reinterpret pc=0x00000277997e3238 method=org.gradle.tooling.internal.provider.runner.ClientBuildEventGenerator$Disabled.accept(Lorg/gradle/internal/operations/BuildOperationDescriptor;)Lorg/gradle/tooling/internal/
Event: 98.402 Thread 0x00000277ab9bc610 DEOPT PACKING pc=0x00000277997e3238 sp=0x000000a759cfe3c0
Event: 98.402 Thread 0x00000277ab9bc610 DEOPT UNPACKING pc=0x000002779924a1a3 sp=0x000000a759cfe310 mode 2
Event: 98.406 Thread 0x00000277ab9bcae0 Uncommon trap: trap_request=0xffffff45 fr.pc=0x000002779990b830 relative=0x0000000000002f30
Event: 98.407 Thread 0x00000277ab9bcae0 Uncommon trap: reason=unstable_if action=reinterpret pc=0x000002779990b830 method=java.lang.reflect.Executable.declaredAnnotations()Ljava/util/Map; @ 19 c2
Event: 98.407 Thread 0x00000277ab9bcae0 DEOPT PACKING pc=0x000002779990b830 sp=0x000000a759efce70
Event: 98.407 Thread 0x00000277ab9bcae0 DEOPT UNPACKING pc=0x000002779924a1a3 sp=0x000000a759efceb8 mode 2
Event: 98.582 Thread 0x00000277ab9b7de0 DEOPT PACKING pc=0x0000027792755304 sp=0x000000a7598f4f50
Event: 98.582 Thread 0x00000277ab9b7de0 DEOPT UNPACKING pc=0x000002779924ace3 sp=0x000000a7598f4458 mode 0
Event: 98.582 Thread 0x00000277ab9b7de0 DEOPT PACKING pc=0x0000027792755304 sp=0x000000a7598f5310
Event: 98.582 Thread 0x00000277ab9b7de0 DEOPT UNPACKING pc=0x000002779924ace3 sp=0x000000a7598f4818 mode 0
Event: 98.582 Thread 0x00000277ab9b7de0 DEOPT PACKING pc=0x0000027792755304 sp=0x000000a7598f56d0
Event: 98.582 Thread 0x00000277ab9b7de0 DEOPT UNPACKING pc=0x000002779924ace3 sp=0x000000a7598f4bd8 mode 0
Event: 98.582 Thread 0x00000277ab9b7de0 DEOPT PACKING pc=0x0000027792755304 sp=0x000000a7598f5a90
Event: 98.582 Thread 0x00000277ab9b7de0 DEOPT UNPACKING pc=0x000002779924ace3 sp=0x000000a7598f4f98 mode 0
Event: 98.582 Thread 0x00000277ab9b7de0 DEOPT PACKING pc=0x0000027792755304 sp=0x000000a7598f5dd0
Event: 98.582 Thread 0x00000277ab9b7de0 DEOPT UNPACKING pc=0x000002779924ace3 sp=0x000000a7598f52d8 mode 0

Classes unloaded (0 events):
No events

Classes redefined (0 events):
No events

Internal exceptions (20 events):
Event: 97.405 Thread 0x00000277ab9b7de0 Exception <a 'sun/nio/fs/WindowsException'{0x000000008ea97240}> (0x000000008ea97240) 
thrown [s\src\hotspot\share\prims\jni.cpp, line 517]
Event: 97.405 Thread 0x00000277ab9b7de0 Exception <a 'sun/nio/fs/WindowsException'{0x000000008ea97678}> (0x000000008ea97678) 
thrown [s\src\hotspot\share\prims\jni.cpp, line 517]
Event: 97.412 Thread 0x00000277ab9b7de0 Exception <a 'sun/nio/fs/WindowsException'{0x000000008ea99308}> (0x000000008ea99308) 
thrown [s\src\hotspot\share\prims\jni.cpp, line 517]
Event: 97.412 Thread 0x00000277ab9b7de0 Exception <a 'sun/nio/fs/WindowsException'{0x000000008ea996c8}> (0x000000008ea996c8) 
thrown [s\src\hotspot\share\prims\jni.cpp, line 517]
Event: 97.413 Thread 0x00000277ab9b7de0 Exception <a 'sun/nio/fs/WindowsException'{0x000000008ea9c3c8}> (0x000000008ea9c3c8) 
thrown [s\src\hotspot\share\prims\jni.cpp, line 517]
Event: 97.413 Thread 0x00000277ab9b7de0 Exception <a 'sun/nio/fs/WindowsException'{0x000000008ea9c800}> (0x000000008ea9c800) 
thrown [s\src\hotspot\share\prims\jni.cpp, line 517]
Event: 97.414 Thread 0x00000277ab9b7de0 Exception <a 'sun/nio/fs/WindowsException'{0x000000008ea9e490}> (0x000000008ea9e490) 
thrown [s\src\hotspot\share\prims\jni.cpp, line 517]
Event: 97.414 Thread 0x00000277ab9b7de0 Exception <a 'sun/nio/fs/WindowsException'{0x000000008ea9e850}> (0x000000008ea9e850) 
thrown [s\src\hotspot\share\prims\jni.cpp, line 517]
Event: 97.415 Thread 0x00000277ab9b7de0 Exception <a 'sun/nio/fs/WindowsException'{0x000000008eaa1550}> (0x000000008eaa1550) 
thrown [s\src\hotspot\share\prims\jni.cpp, line 517]
Event: 97.415 Thread 0x00000277ab9b7de0 Exception <a 'sun/nio/fs/WindowsException'{0x000000008eaa1988}> (0x000000008eaa1988) 
thrown [s\src\hotspot\share\prims\jni.cpp, line 517]
Event: 97.417 Thread 0x00000277ab9b7de0 Exception <a 'sun/nio/fs/WindowsException'{0x000000008eaa3618}> (0x000000008eaa3618) 
thrown [s\src\hotspot\share\prims\jni.cpp, line 517]
Event: 97.417 Thread 0x00000277ab9b7de0 Exception <a 'sun/nio/fs/WindowsException'{0x000000008eaa39d8}> (0x000000008eaa39d8) 
thrown [s\src\hotspot\share\prims\jni.cpp, line 517]
Event: 97.417 Thread 0x00000277ab9b7de0 Exception <a 'sun/nio/fs/WindowsException'{0x000000008eaa6678}> (0x000000008eaa6678) 
thrown [s\src\hotspot\share\prims\jni.cpp, line 517]
Event: 97.417 Thread 0x00000277ab9b7de0 Exception <a 'sun/nio/fs/WindowsException'{0x000000008eaa6a80}> (0x000000008eaa6a80) 
thrown [s\src\hotspot\share\prims\jni.cpp, line 517]
Event: 97.514 Thread 0x00000277ab9b7de0 Exception <a 'sun/nio/fs/WindowsException'{0x000000008eab0a40}> (0x000000008eab0a40) 
thrown [s\src\hotspot\share\prims\jni.cpp, line 517]
Event: 97.515 Thread 0x00000277ab9b7de0 Exception <a 'sun/nio/fs/WindowsException'{0x000000008eab0df0}> (0x000000008eab0df0) 
thrown [s\src\hotspot\share\prims\jni.cpp, line 517]
Event: 97.620 Thread 0x00000277ab9b7de0 Implicit null exception at 0x0000027799d4195a to 0x0000027799d41a1c
Event: 97.677 Thread 0x00000277ab9b7de0 Implicit null exception at 0x0000027799d7fb0e to 0x0000027799d7fd18
Event: 98.349 Thread 0x00000277ab9b7de0 Exception <a 'java/lang/NoSuchMethodError'{0x000000008de4ff90}: static Lcom/android/ide/common/resources/CompileResourceRequest;.<clinit>()V> (0x000000008de4ff90) 
thrown [s\src\hotspot\share\prims\jni.cpp, line 1108]
Event: 98.368 Thread 0x00000277ab9b7de0 Exception <a 'java/lang/NoSuchMethodError'{0x000000008ded1b20}: static Lkotlin/InitializedLazyImpl;.<clinit>()V> (0x000000008ded1b20) 
thrown [s\src\hotspot\share\prims\jni.cpp, line 1108]

VM Operations (20 events):
Event: 96.263 Executing VM operation: HandshakeAllThreads done
Event: 96.750 Executing VM operation: HandshakeAllThreads
Event: 96.750 Executing VM operation: HandshakeAllThreads done
Event: 96.886 Executing VM operation: G1CollectForAllocation
Event: 96.987 Executing VM operation: G1CollectForAllocation done
Event: 97.992 Executing VM operation: Cleanup
Event: 98.008 Executing VM operation: Cleanup done
Event: 98.448 Executing VM operation: HandshakeAllThreads
Event: 98.448 Executing VM operation: HandshakeAllThreads done
Event: 98.549 Executing VM operation: ICBufferFull
Event: 98.549 Executing VM operation: ICBufferFull done
Event: 98.554 Executing VM operation: HandshakeAllThreads
Event: 98.554 Executing VM operation: HandshakeAllThreads done
Event: 98.555 Executing VM operation: HandshakeAllThreads
Event: 98.556 Executing VM operation: HandshakeAllThreads done
Event: 98.580 Executing VM operation: HandshakeAllThreads
Event: 98.580 Executing VM operation: HandshakeAllThreads done
Event: 98.582 Executing VM operation: HandshakeAllThreads
Event: 98.582 Executing VM operation: HandshakeAllThreads done
Event: 98.605 Executing VM operation: G1CollectForAllocation

Events (20 events):
Event: 98.530 loading class javax/xml/stream/events/Attribute
Event: 98.531 loading class javax/xml/stream/events/Attribute done
Event: 98.531 loading class com/sun/xml/internal/stream/events/AttributeImpl done
Event: 98.531 loading class com/sun/xml/internal/stream/events/NamespaceImpl
Event: 98.531 loading class javax/xml/stream/events/Namespace
Event: 98.531 loading class javax/xml/stream/events/Namespace done
Event: 98.531 loading class com/sun/xml/internal/stream/events/NamespaceImpl done
Event: 98.532 loading class com/sun/org/apache/xerces/internal/util/NamespaceSupport$Prefixes
Event: 98.532 loading class com/sun/org/apache/xerces/internal/util/NamespaceSupport$Prefixes done
Event: 98.535 loading class com/sun/xml/internal/stream/util/ReadOnlyIterator
Event: 98.535 loading class com/sun/xml/internal/stream/util/ReadOnlyIterator done
Event: 98.546 Thread 0x00000277a9069e20 flushing nmethod 0x0000027792db4e90
Event: 98.582 loading class com/sun/xml/internal/stream/events/CharacterEvent
Event: 98.582 loading class javax/xml/stream/events/Characters
Event: 98.583 loading class javax/xml/stream/events/Characters done
Event: 98.583 loading class com/sun/xml/internal/stream/events/CharacterEvent done
Event: 98.598 loading class com/sun/xml/internal/stream/events/EndElementEvent
Event: 98.598 loading class javax/xml/stream/events/EndElement
Event: 98.598 loading class javax/xml/stream/events/EndElement done
Event: 98.598 loading class com/sun/xml/internal/stream/events/EndElementEvent done


Dynamic libraries:
0x00007ff75d3d0000 - 0x00007ff75d3da000 	C:\Program Files\Android\Android Studio\jbr\bin\java.exe
0x00007ffc66cb0000 - 0x00007ffc66ec7000 	C:\WINDOWS\SYSTEM32\ntdll.dll
0x00007ffc64f30000 - 0x00007ffc64ff4000 	C:\WINDOWS\System32\KERNEL32.DLL
0x00007ffc642e0000 - 0x00007ffc64686000 	C:\WINDOWS\System32\KERNELBASE.dll
0x00007ffc648f0000 - 0x00007ffc64a01000 	C:\WINDOWS\System32\ucrtbase.dll
0x00007ffc4b5f0000 - 0x00007ffc4b607000 	C:\Program Files\Android\Android Studio\jbr\bin\jli.dll
0x00007ffc3a790000 - 0x00007ffc3a7ab000 	C:\Program Files\Android\Android Studio\jbr\bin\VCRUNTIME140.dll
0x00007ffc64a80000 - 0x00007ffc64c2d000 	C:\WINDOWS\System32\USER32.dll
0x00007ffc648c0000 - 0x00007ffc648e6000 	C:\WINDOWS\System32\win32u.dll
0x00007ffc65700000 - 0x00007ffc65729000 	C:\WINDOWS\System32\GDI32.dll
0x00007ffc64700000 - 0x00007ffc64818000 	C:\WINDOWS\System32\gdi32full.dll
0x00007ffc64820000 - 0x00007ffc648ba000 	C:\WINDOWS\System32\msvcp_win.dll
0x00007ffc4dbc0000 - 0x00007ffc4de53000 	C:\WINDOWS\WinSxS\amd64_microsoft.windows.common-controls_6595b64144ccf1df_6.0.22621.2361_none_2712ced57382f843\COMCTL32.dll
0x00007ffc64d70000 - 0x00007ffc64e17000 	C:\WINDOWS\System32\msvcrt.dll
0x00007ffc64d30000 - 0x00007ffc64d61000 	C:\WINDOWS\System32\IMM32.DLL
0x00007ffc3f490000 - 0x00007ffc3f49c000 	C:\Program Files\Android\Android Studio\jbr\bin\vcruntime140_1.dll
0x00007ffc22f40000 - 0x00007ffc22fcd000 	C:\Program Files\Android\Android Studio\jbr\bin\msvcp140.dll
0x00007ffc0a9d0000 - 0x00007ffc0b63e000 	C:\Program Files\Android\Android Studio\jbr\bin\server\jvm.dll
0x00007ffc66b60000 - 0x00007ffc66c10000 	C:\WINDOWS\System32\ADVAPI32.dll
0x00007ffc66ab0000 - 0x00007ffc66b56000 	C:\WINDOWS\System32\sechost.dll
0x00007ffc65000000 - 0x00007ffc65117000 	C:\WINDOWS\System32\RPCRT4.dll
0x00007ffc49df0000 - 0x00007ffc49dfa000 	C:\WINDOWS\SYSTEM32\VERSION.dll
0x00007ffc4d370000 - 0x00007ffc4d379000 	C:\WINDOWS\SYSTEM32\WSOCK32.dll
0x00007ffc65bd0000 - 0x00007ffc65c41000 	C:\WINDOWS\System32\WS2_32.dll
0x00007ffc59e20000 - 0x00007ffc59e54000 	C:\WINDOWS\SYSTEM32\WINMM.dll
0x00007ffc63050000 - 0x00007ffc63068000 	C:\WINDOWS\SYSTEM32\kernel.appcore.dll
0x00007ffc4d2a0000 - 0x00007ffc4d2aa000 	C:\Program Files\Android\Android Studio\jbr\bin\jimage.dll
0x00007ffc61860000 - 0x00007ffc61a8e000 	C:\WINDOWS\SYSTEM32\DBGHELP.DLL
0x00007ffc66720000 - 0x00007ffc66aaa000 	C:\WINDOWS\System32\combase.dll
0x00007ffc64e50000 - 0x00007ffc64f27000 	C:\WINDOWS\System32\OLEAUT32.dll
0x00007ffc44dd0000 - 0x00007ffc44e02000 	C:\WINDOWS\SYSTEM32\dbgcore.DLL
0x00007ffc641a0000 - 0x00007ffc6421a000 	C:\WINDOWS\System32\bcryptPrimitives.dll
0x00007ffc4b810000 - 0x00007ffc4b835000 	C:\Program Files\Android\Android Studio\jbr\bin\java.dll
0x00007ffc4d1e0000 - 0x00007ffc4d1f8000 	C:\Program Files\Android\Android Studio\jbr\bin\zip.dll
0x00007ffc65d70000 - 0x00007ffc665c8000 	C:\WINDOWS\System32\SHELL32.dll
0x00007ffc61f40000 - 0x00007ffc62832000 	C:\WINDOWS\SYSTEM32\windows.storage.dll
0x00007ffc61e00000 - 0x00007ffc61f3e000 	C:\WINDOWS\SYSTEM32\wintypes.dll
0x00007ffc64c30000 - 0x00007ffc64d23000 	C:\WINDOWS\System32\SHCORE.dll
0x00007ffc66c10000 - 0x00007ffc66c6e000 	C:\WINDOWS\System32\shlwapi.dll
0x00007ffc63f60000 - 0x00007ffc63f86000 	C:\WINDOWS\SYSTEM32\profapi.dll
0x00007ffc4d5c0000 - 0x00007ffc4d5d9000 	C:\Program Files\Android\Android Studio\jbr\bin\net.dll
0x00007ffc5c770000 - 0x00007ffc5c8a7000 	C:\WINDOWS\SYSTEM32\WINHTTP.dll
0x00007ffc634f0000 - 0x00007ffc63559000 	C:\WINDOWS\system32\mswsock.dll
0x00007ffc4d5a0000 - 0x00007ffc4d5b6000 	C:\Program Files\Android\Android Studio\jbr\bin\nio.dll
0x00007ffc56380000 - 0x00007ffc56390000 	C:\Program Files\Android\Android Studio\jbr\bin\verify.dll
0x00007ffc3d320000 - 0x00007ffc3d347000 	C:\Users\asus4\.gradle\native\68d5fa5c4cc2d200863cafc0d521ce42e7d3e7ee720ec0a83991735586a16f82\windows-amd64\native-platform.dll
0x00007ffc1a5f0000 - 0x00007ffc1a734000 	C:\Users\asus4\.gradle\native\e376f236ea51e6404a007f0833ffe2c6e607c4080706a723a18a27aeea778392\windows-amd64\native-platform-file-events.dll
0x00007ffc56240000 - 0x00007ffc56249000 	C:\Program Files\Android\Android Studio\jbr\bin\management.dll
0x00007ffc4d590000 - 0x00007ffc4d59b000 	C:\Program Files\Android\Android Studio\jbr\bin\management_ext.dll
0x00007ffc64e20000 - 0x00007ffc64e28000 	C:\WINDOWS\System32\PSAPI.DLL
0x00007ffc637b0000 - 0x00007ffc637cb000 	C:\WINDOWS\SYSTEM32\CRYPTSP.dll
0x00007ffc62fb0000 - 0x00007ffc62fe5000 	C:\WINDOWS\system32\rsaenh.dll
0x00007ffc63650000 - 0x00007ffc6367c000 	C:\WINDOWS\SYSTEM32\USERENV.dll
0x00007ffc639f0000 - 0x00007ffc63a18000 	C:\WINDOWS\SYSTEM32\bcrypt.dll
0x00007ffc637d0000 - 0x00007ffc637dc000 	C:\WINDOWS\SYSTEM32\CRYPTBASE.dll
0x00007ffc62aa0000 - 0x00007ffc62acd000 	C:\WINDOWS\SYSTEM32\IPHLPAPI.DLL
0x00007ffc65390000 - 0x00007ffc65399000 	C:\WINDOWS\System32\NSI.dll
0x00007ffc59e00000 - 0x00007ffc59e19000 	C:\WINDOWS\SYSTEM32\dhcpcsvc6.DLL
0x00007ffc59d60000 - 0x00007ffc59d7f000 	C:\WINDOWS\SYSTEM32\dhcpcsvc.DLL
0x00007ffc62b10000 - 0x00007ffc62c09000 	C:\WINDOWS\SYSTEM32\DNSAPI.dll
0x00007ffc4d420000 - 0x00007ffc4d428000 	C:\WINDOWS\system32\wshunix.dll
0x00007ffc3d4b0000 - 0x00007ffc3d4c7000 	C:\WINDOWS\system32\napinsp.dll
0x00007ffc3d490000 - 0x00007ffc3d4ab000 	C:\WINDOWS\system32\pnrpnsp.dll
0x00007ffc3d470000 - 0x00007ffc3d481000 	C:\WINDOWS\System32\winrnr.dll
0x00007ffc3d450000 - 0x00007ffc3d465000 	C:\WINDOWS\system32\wshbth.dll
0x00007ffc3d420000 - 0x00007ffc3d441000 	C:\WINDOWS\system32\nlansp_c.dll
0x00007ffc59d80000 - 0x00007ffc59d8a000 	C:\Windows\System32\rasadhlp.dll
0x00007ffc56b60000 - 0x00007ffc56be4000 	C:\WINDOWS\System32\fwpuclnt.dll

dbghelp: loaded successfully - version: 4.0.5 - missing functions: none
symbol engine: initialized successfully - sym options: 0x614 - pdb path: .;C:\Program Files\Android\Android Studio\jbr\bin;C:\WINDOWS\SYSTEM32;C:\WINDOWS\WinSxS\amd64_microsoft.windows.common-controls_6595b64144ccf1df_6.0.22621.2361_none_2712ced57382f843;C:\Program Files\Android\Android Studio\jbr\bin\server;C:\Users\asus4\.gradle\native\68d5fa5c4cc2d200863cafc0d521ce42e7d3e7ee720ec0a83991735586a16f82\windows-amd64;C:\Users\asus4\.gradle\native\e376f236ea51e6404a007f0833ffe2c6e607c4080706a723a18a27aeea778392\windows-amd64

VM Arguments:
jvm_args: --add-opens=java.base/java.util=ALL-UNNAMED --add-opens=java.base/java.lang=ALL-UNNAMED --add-opens=java.base/java.lang.invoke=ALL-UNNAMED --add-opens=java.prefs/java.util.prefs=ALL-UNNAMED --add-opens=java.base/java.nio.charset=ALL-UNNAMED --add-opens=java.base/java.net=ALL-UNNAMED --add-opens=java.base/java.util.concurrent.atomic=ALL-UNNAMED -Xmx2048m -Dfile.encoding=UTF-8 -Duser.country=US -Duser.language=en -Duser.variant 
java_command: org.gradle.launcher.daemon.bootstrap.GradleDaemon 8.0
java_class_path (initial): C:\Users\asus4\.gradle\wrapper\dists\gradle-8.0-bin\ca5e32bp14vu59qr306oxotwh\gradle-8.0\lib\gradle-launcher-8.0.jar
Launcher Type: SUN_STANDARD

[Global flags]
     intx CICompilerCount                          = 3                                         {product} {ergonomic}
     uint ConcGCThreads                            = 1                                         {product} {ergonomic}
     uint G1ConcRefinementThreads                  = 4                                         {product} {ergonomic}
   size_t G1HeapRegionSize                         = 1048576                                   {product} {ergonomic}
    uintx GCDrainStackTargetSize                   = 64                                        {product} {ergonomic}
   size_t InitialHeapSize                          = 62914560                                  {product} {ergonomic}
   size_t MarkStackSize                            = 4194304                                   {product} {ergonomic}
   size_t MaxHeapSize                              = 2147483648                                {product} {command line}
   size_t MaxNewSize                               = 1287651328                                {product} {ergonomic}
   size_t MinHeapDeltaBytes                        = 1048576                                   {product} {ergonomic}
   size_t MinHeapSize                              = 8388608                                   {product} {ergonomic}
    uintx NonNMethodCodeHeapSize                   = 5832780                                {pd product} {ergonomic}
    uintx NonProfiledCodeHeapSize                  = 122912730                              {pd product} {ergonomic}
    uintx ProfiledCodeHeapSize                     = 122912730                              {pd product} {ergonomic}
    uintx ReservedCodeCacheSize                    = 251658240                              {pd product} {ergonomic}
     bool SegmentedCodeCache                       = true                                      {product} {ergonomic}
   size_t SoftMaxHeapSize                          = 2147483648                             {manageable} {ergonomic}
     bool UseCompressedClassPointers               = true                           {product lp64_product} {ergonomic}
     bool UseCompressedOops                        = true                           {product lp64_product} {ergonomic}
     bool UseG1GC                                  = true                                      {product} {ergonomic}
     bool UseLargePagesIndividualAllocation        = false                                  {pd product} {ergonomic}

Logging:
Log output configuration:
 #0: stdout all=warning uptime,level,tags
 #1: stderr all=off uptime,level,tags

Environment Variables:
JAVA_HOME=C:\Program Files\Java\jdk-20
PATH=C:\Program Files\Common Files\Oracle\Java\javapath;C:\WINDOWS\system32;C:\WINDOWS;C:\WINDOWS\System32\Wbem;C:\WINDOWS\System32\WindowsPowerShell\v1.0\;C:\WINDOWS\System32\OpenSSH\;C:\Program Files\Go\bin;C:\Program Files\Java\jdk-20\bin;D:\game\Git\cmd;C:\Users\asus4\AppData\Local\Microsoft\WindowsApps;;C:\Users\asus4\AppData\Local\Programs\Microsoft VS Code\bin;C:\Users\asus4\go\bin;C:\Program Files\JetBrains\IntelliJ IDEA 2023.2\bin;;C:\Program Files\JetBrains\IntelliJ IDEA Community Edition 2023.2.1\bin;
USERNAME=asus4
OS=Windows_NT
PROCESSOR_IDENTIFIER=Intel64 Family 6 Model 140 Stepping 1, GenuineIntel
TMP=C:\Users\asus4\AppData\Local\Temp
TEMP=C:\Users\asus4\AppData\Local\Temp


JNI global refs:
JNI global refs: 24, weak refs: 1

JNI global refs memory usage: 843, weak refs: 841


---------------  S Y S T E M  ---------------

OS:
 Windows 11 , 64 bit Build 22621 (10.0.22621.2428)
OS uptime: 0 days 9:23 hours
Hyper-V role detected

CPU: total 4 (initial active 4) (2 cores per cpu, 2 threads per core) family 6 model 140 stepping 1 microcode 0x86, cx8, cmov, fxsr, ht, mmx, 3dnowpref, sse, sse2, sse3, ssse3, sse4.1, sse4.2, popcnt, lzcnt, tsc, tscinvbit, avx, avx2, aes, erms, clmul, bmi1, bmi2, adx, avx512f, avx512dq, avx512cd, avx512bw, avx512vl, sha, fma, vzeroupper, avx512_vpopcntdq, avx512_vpclmulqdq, avx512_vaes, avx512_vnni, clflush, clflushopt, clwb, avx512_vbmi2, avx512_vbmi, hv

Memory: 4k page, system-wide physical 3790M (418M free)
TotalPageFile size 15566M (AvailPageFile size 233M)
current process WorkingSet (physical memory assigned to process): 273M, peak: 273M
current process commit charge ("private bytes"): 566M, peak: 995M

vm_info: OpenJDK 64-Bit Server VM (17.0.6+0-b2043.56-10027231) for windows-amd64 JRE (17.0.6+0-b2043.56-10027231), built on Apr 28 2023 00:43:19 by "androidbuild" with MS VC++ 16.10 / 16.11 (VS2019)

END.
